[0.026s] Invoking command in '/home/fvc/Desktop/robot_emblem/build/robot_emblem': CMAKE_PREFIX_PATH=${CMAKE_PREFIX_PATH}:/opt/ros/humble /usr/bin/cmake --build /home/fvc/Desktop/robot_emblem/build/robot_emblem -- -j2 -l2
[0.137s] [35m[1mConsolidate compiler generated dependencies of target unit_manager_node[0m
[0.162s] [ 50%] Built target map_loader_node
[0.183s] [ 75%] [32mBuilding CXX object CMakeFiles/unit_manager_node.dir/src/core/unit_manager_node.cpp.o[0m
[9.253s] [100%] [32m[1mLinking CXX executable unit_manager_node[0m
[9.656s] [100%] Built target unit_manager_node
[9.678s] Invoked command in '/home/fvc/Desktop/robot_emblem/build/robot_emblem' returned '0': CMAKE_PREFIX_PATH=${CMAKE_PREFIX_PATH}:/opt/ros/humble /usr/bin/cmake --build /home/fvc/Desktop/robot_emblem/build/robot_emblem -- -j2 -l2
[9.678s] Invoking command in '/home/fvc/Desktop/robot_emblem/build/robot_emblem': CMAKE_PREFIX_PATH=${CMAKE_PREFIX_PATH}:/opt/ros/humble /usr/bin/cmake --install /home/fvc/Desktop/robot_emblem/build/robot_emblem
[9.690s] -- Install configuration: ""
[9.690s] -- Up-to-date: /home/fvc/Desktop/robot_emblem/install/robot_emblem/share/robot_emblem/launch
[9.690s] -- Up-to-date: /home/fvc/Desktop/robot_emblem/install/robot_emblem/share/robot_emblem/launch/demo.launch.py
[9.690s] -- Up-to-date: /home/fvc/Desktop/robot_emblem/install/robot_emblem/share/robot_emblem/maps
[9.690s] -- Up-to-date: /home/fvc/Desktop/robot_emblem/install/robot_emblem/share/robot_emblem/maps/demo_map.yaml
[9.690s] -- Up-to-date: /home/fvc/Desktop/robot_emblem/install/robot_emblem/lib/robot_emblem/map_loader_node
[9.692s] -- Installing: /home/fvc/Desktop/robot_emblem/install/robot_emblem/lib/robot_emblem/unit_manager_node
[9.702s] -- Set runtime path of "/home/fvc/Desktop/robot_emblem/install/robot_emblem/lib/robot_emblem/unit_manager_node" to ""
[9.702s] -- Up-to-date: /home/fvc/Desktop/robot_emblem/install/robot_emblem/share/ament_index/resource_index/package_run_dependencies/robot_emblem
[9.703s] -- Up-to-date: /home/fvc/Desktop/robot_emblem/install/robot_emblem/share/ament_index/resource_index/parent_prefix_path/robot_emblem
[9.703s] -- Up-to-date: /home/fvc/Desktop/robot_emblem/install/robot_emblem/share/robot_emblem/environment/ament_prefix_path.sh
[9.704s] -- Up-to-date: /home/fvc/Desktop/robot_emblem/install/robot_emblem/share/robot_emblem/environment/ament_prefix_path.dsv
[9.704s] -- Up-to-date: /home/fvc/Desktop/robot_emblem/install/robot_emblem/share/robot_emblem/environment/path.sh
[9.705s] -- Up-to-date: /home/fvc/Desktop/robot_emblem/install/robot_emblem/share/robot_emblem/environment/path.dsv
[9.705s] -- Up-to-date: /home/fvc/Desktop/robot_emblem/install/robot_emblem/share/robot_emblem/local_setup.bash
[9.705s] -- Up-to-date: /home/fvc/Desktop/robot_emblem/install/robot_emblem/share/robot_emblem/local_setup.sh
[9.705s] -- Up-to-date: /home/fvc/Desktop/robot_emblem/install/robot_emblem/share/robot_emblem/local_setup.zsh
[9.705s] -- Up-to-date: /home/fvc/Desktop/robot_emblem/install/robot_emblem/share/robot_emblem/local_setup.dsv
[9.705s] -- Installing: /home/fvc/Desktop/robot_emblem/install/robot_emblem/share/robot_emblem/package.dsv
[9.705s] -- Up-to-date: /home/fvc/Desktop/robot_emblem/install/robot_emblem/share/ament_index/resource_index/packages/robot_emblem
[9.707s] -- Up-to-date: /home/fvc/Desktop/robot_emblem/install/robot_emblem/share/robot_emblem/cmake/robot_emblemConfig.cmake
[9.707s] -- Up-to-date: /home/fvc/Desktop/robot_emblem/install/robot_emblem/share/robot_emblem/cmake/robot_emblemConfig-version.cmake
[9.707s] -- Up-to-date: /home/fvc/Desktop/robot_emblem/install/robot_emblem/share/robot_emblem/package.xml
[9.711s] Invoked command in '/home/fvc/Desktop/robot_emblem/build/robot_emblem' returned '0': CMAKE_PREFIX_PATH=${CMAKE_PREFIX_PATH}:/opt/ros/humble /usr/bin/cmake --install /home/fvc/Desktop/robot_emblem/build/robot_emblem
