-- Install configuration: ""
-- Up-to-date: /home/fvc/Desktop/robot_emblem/install/robot_emblem_description/share/robot_emblem_description/urdf
-- Installing: /home/fvc/Desktop/robot_emblem/install/robot_emblem_description/share/robot_emblem_description/urdf/enemy.urdf.xacro
-- Up-to-date: /home/fvc/Desktop/robot_emblem/install/robot_emblem_description/share/robot_emblem_description/urdf/fe_unit.urdf.xacro
-- Up-to-date: /home/fvc/Desktop/robot_emblem/install/robot_emblem_description/share/robot_emblem_description/launch
-- Up-to-date: /home/fvc/Desktop/robot_emblem/install/robot_emblem_description/share/ament_index/resource_index/package_run_dependencies/robot_emblem_description
-- Up-to-date: /home/fvc/Desktop/robot_emblem/install/robot_emblem_description/share/ament_index/resource_index/parent_prefix_path/robot_emblem_description
-- Up-to-date: /home/fvc/Desktop/robot_emblem/install/robot_emblem_description/share/robot_emblem_description/environment/ament_prefix_path.sh
-- Up-to-date: /home/fvc/Desktop/robot_emblem/install/robot_emblem_description/share/robot_emblem_description/environment/ament_prefix_path.dsv
-- Up-to-date: /home/fvc/Desktop/robot_emblem/install/robot_emblem_description/share/robot_emblem_description/environment/path.sh
-- Up-to-date: /home/fvc/Desktop/robot_emblem/install/robot_emblem_description/share/robot_emblem_description/environment/path.dsv
-- Up-to-date: /home/fvc/Desktop/robot_emblem/install/robot_emblem_description/share/robot_emblem_description/local_setup.bash
-- Up-to-date: /home/fvc/Desktop/robot_emblem/install/robot_emblem_description/share/robot_emblem_description/local_setup.sh
-- Up-to-date: /home/fvc/Desktop/robot_emblem/install/robot_emblem_description/share/robot_emblem_description/local_setup.zsh
-- Up-to-date: /home/fvc/Desktop/robot_emblem/install/robot_emblem_description/share/robot_emblem_description/local_setup.dsv
-- Installing: /home/fvc/Desktop/robot_emblem/install/robot_emblem_description/share/robot_emblem_description/package.dsv
-- Up-to-date: /home/fvc/Desktop/robot_emblem/install/robot_emblem_description/share/ament_index/resource_index/packages/robot_emblem_description
-- Up-to-date: /home/fvc/Desktop/robot_emblem/install/robot_emblem_description/share/robot_emblem_description/cmake/robot_emblem_descriptionConfig.cmake
-- Up-to-date: /home/fvc/Desktop/robot_emblem/install/robot_emblem_description/share/robot_emblem_description/cmake/robot_emblem_descriptionConfig-version.cmake
-- Up-to-date: /home/fvc/Desktop/robot_emblem/install/robot_emblem_description/share/robot_emblem_description/package.xml
