[0.076s] DEBUG:colcon:Command line arguments: ['/usr/bin/colcon', 'build']
[0.076s] DEBUG:colcon:Parsed command line arguments: Namespace(log_base=None, log_level=None, verb_name='build', build_base='build', install_base='install', merge_install=False, symlink_install=False, test_result_base=None, continue_on_error=False, executor='parallel', parallel_workers=2, event_handlers=None, ignore_user_meta=False, metas=['./colcon.meta'], base_paths=['.'], packages_ignore=None, packages_ignore_regex=None, paths=None, packages_up_to=None, packages_up_to_regex=None, packages_above=None, packages_above_and_dependencies=None, packages_above_depth=None, packages_select_by_dep=None, packages_skip_by_dep=None, packages_skip_up_to=None, packages_select_build_failed=False, packages_skip_build_finished=False, packages_select_test_failures=False, packages_skip_test_passed=False, packages_select=None, packages_skip=None, packages_select_regex=None, packages_skip_regex=None, packages_start=None, packages_end=None, allow_overriding=[], cmake_args=None, cmake_target=None, cmake_target_skip_unavailable=False, cmake_clean_cache=False, cmake_clean_first=False, cmake_force_configure=False, ament_cmake_args=None, catkin_cmake_args=None, catkin_skip_building_tests=False, verb_parser=<colcon_defaults.argument_parser.defaults.DefaultArgumentsDecorator object at 0x7712c7f3b430>, verb_extension=<colcon_core.verb.build.BuildVerb object at 0x7712c8074850>, main=<bound method BuildVerb.main of <colcon_core.verb.build.BuildVerb object at 0x7712c8074850>>)
[0.180s] Level 1:colcon.colcon_core.package_discovery:discover_packages(colcon_meta) check parameters
[0.181s] Level 1:colcon.colcon_core.package_discovery:discover_packages(recursive) check parameters
[0.181s] Level 1:colcon.colcon_core.package_discovery:discover_packages(ignore) check parameters
[0.181s] Level 1:colcon.colcon_core.package_discovery:discover_packages(path) check parameters
[0.181s] Level 1:colcon.colcon_core.package_discovery:discover_packages(colcon_meta) discover
[0.181s] Level 1:colcon.colcon_core.package_discovery:discover_packages(recursive) discover
[0.181s] INFO:colcon.colcon_core.package_discovery:Crawling recursively for packages in '/home/fvc/Desktop/robot_emblem'
[0.181s] Level 1:colcon.colcon_core.package_identification:_identify(.) by extensions ['ignore', 'ignore_ament_install']
[0.181s] Level 1:colcon.colcon_core.package_identification:_identify(.) by extension 'ignore'
[0.181s] Level 1:colcon.colcon_core.package_identification:_identify(.) by extension 'ignore_ament_install'
[0.181s] Level 1:colcon.colcon_core.package_identification:_identify(.) by extensions ['colcon_pkg']
[0.181s] Level 1:colcon.colcon_core.package_identification:_identify(.) by extension 'colcon_pkg'
[0.181s] Level 1:colcon.colcon_core.package_identification:_identify(.) by extensions ['colcon_meta']
[0.181s] Level 1:colcon.colcon_core.package_identification:_identify(.) by extension 'colcon_meta'
[0.181s] Level 1:colcon.colcon_core.package_identification:_identify(.) by extensions ['ros']
[0.181s] Level 1:colcon.colcon_core.package_identification:_identify(.) by extension 'ros'
[0.193s] Level 1:colcon.colcon_core.package_identification:_identify(.) by extensions ['cmake', 'python']
[0.194s] Level 1:colcon.colcon_core.package_identification:_identify(.) by extension 'cmake'
[0.194s] Level 1:colcon.colcon_core.package_identification:_identify(.) by extension 'python'
[0.194s] Level 1:colcon.colcon_core.package_identification:_identify(.) by extensions ['python_setup_py']
[0.194s] Level 1:colcon.colcon_core.package_identification:_identify(.) by extension 'python_setup_py'
[0.194s] Level 1:colcon.colcon_core.package_identification:_identify(build) by extensions ['ignore', 'ignore_ament_install']
[0.194s] Level 1:colcon.colcon_core.package_identification:_identify(build) by extension 'ignore'
[0.194s] Level 1:colcon.colcon_core.package_identification:_identify(build) ignored
[0.194s] Level 1:colcon.colcon_core.package_identification:_identify(install) by extensions ['ignore', 'ignore_ament_install']
[0.194s] Level 1:colcon.colcon_core.package_identification:_identify(install) by extension 'ignore'
[0.194s] Level 1:colcon.colcon_core.package_identification:_identify(install) ignored
[0.194s] Level 1:colcon.colcon_core.package_identification:_identify(log) by extensions ['ignore', 'ignore_ament_install']
[0.194s] Level 1:colcon.colcon_core.package_identification:_identify(log) by extension 'ignore'
[0.194s] Level 1:colcon.colcon_core.package_identification:_identify(log) ignored
[0.195s] Level 1:colcon.colcon_core.package_identification:_identify(src) by extensions ['ignore', 'ignore_ament_install']
[0.195s] Level 1:colcon.colcon_core.package_identification:_identify(src) by extension 'ignore'
[0.195s] Level 1:colcon.colcon_core.package_identification:_identify(src) by extension 'ignore_ament_install'
[0.195s] Level 1:colcon.colcon_core.package_identification:_identify(src) by extensions ['colcon_pkg']
[0.195s] Level 1:colcon.colcon_core.package_identification:_identify(src) by extension 'colcon_pkg'
[0.195s] Level 1:colcon.colcon_core.package_identification:_identify(src) by extensions ['colcon_meta']
[0.195s] Level 1:colcon.colcon_core.package_identification:_identify(src) by extension 'colcon_meta'
[0.195s] Level 1:colcon.colcon_core.package_identification:_identify(src) by extensions ['ros']
[0.195s] Level 1:colcon.colcon_core.package_identification:_identify(src) by extension 'ros'
[0.195s] Level 1:colcon.colcon_core.package_identification:_identify(src) by extensions ['cmake', 'python']
[0.195s] Level 1:colcon.colcon_core.package_identification:_identify(src) by extension 'cmake'
[0.195s] Level 1:colcon.colcon_core.package_identification:_identify(src) by extension 'python'
[0.195s] Level 1:colcon.colcon_core.package_identification:_identify(src) by extensions ['python_setup_py']
[0.195s] Level 1:colcon.colcon_core.package_identification:_identify(src) by extension 'python_setup_py'
[0.195s] Level 1:colcon.colcon_core.package_identification:_identify(src/robot_emblem) by extensions ['ignore', 'ignore_ament_install']
[0.195s] Level 1:colcon.colcon_core.package_identification:_identify(src/robot_emblem) by extension 'ignore'
[0.195s] Level 1:colcon.colcon_core.package_identification:_identify(src/robot_emblem) by extension 'ignore_ament_install'
[0.195s] Level 1:colcon.colcon_core.package_identification:_identify(src/robot_emblem) by extensions ['colcon_pkg']
[0.195s] Level 1:colcon.colcon_core.package_identification:_identify(src/robot_emblem) by extension 'colcon_pkg'
[0.195s] Level 1:colcon.colcon_core.package_identification:_identify(src/robot_emblem) by extensions ['colcon_meta']
[0.195s] Level 1:colcon.colcon_core.package_identification:_identify(src/robot_emblem) by extension 'colcon_meta'
[0.195s] Level 1:colcon.colcon_core.package_identification:_identify(src/robot_emblem) by extensions ['ros']
[0.195s] Level 1:colcon.colcon_core.package_identification:_identify(src/robot_emblem) by extension 'ros'
[0.202s] DEBUG:colcon.colcon_core.package_identification:Package 'src/robot_emblem' with type 'ros.ament_cmake' and name 'robot_emblem'
[0.203s] Level 1:colcon.colcon_core.package_identification:_identify(src/robot_emblem_description) by extensions ['ignore', 'ignore_ament_install']
[0.203s] Level 1:colcon.colcon_core.package_identification:_identify(src/robot_emblem_description) by extension 'ignore'
[0.203s] Level 1:colcon.colcon_core.package_identification:_identify(src/robot_emblem_description) by extension 'ignore_ament_install'
[0.203s] Level 1:colcon.colcon_core.package_identification:_identify(src/robot_emblem_description) by extensions ['colcon_pkg']
[0.203s] Level 1:colcon.colcon_core.package_identification:_identify(src/robot_emblem_description) by extension 'colcon_pkg'
[0.203s] Level 1:colcon.colcon_core.package_identification:_identify(src/robot_emblem_description) by extensions ['colcon_meta']
[0.203s] Level 1:colcon.colcon_core.package_identification:_identify(src/robot_emblem_description) by extension 'colcon_meta'
[0.203s] Level 1:colcon.colcon_core.package_identification:_identify(src/robot_emblem_description) by extensions ['ros']
[0.203s] Level 1:colcon.colcon_core.package_identification:_identify(src/robot_emblem_description) by extension 'ros'
[0.204s] DEBUG:colcon.colcon_core.package_identification:Package 'src/robot_emblem_description' with type 'ros.ament_cmake' and name 'robot_emblem_description'
[0.204s] Level 1:colcon.colcon_core.package_discovery:discover_packages(recursive) using defaults
[0.204s] Level 1:colcon.colcon_core.package_discovery:discover_packages(ignore) discover
[0.204s] Level 1:colcon.colcon_core.package_discovery:discover_packages(ignore) using defaults
[0.204s] Level 1:colcon.colcon_core.package_discovery:discover_packages(path) discover
[0.204s] Level 1:colcon.colcon_core.package_discovery:discover_packages(path) using defaults
[0.221s] Level 1:colcon.colcon_core.package_discovery:discover_packages(prefix_path) check parameters
[0.221s] Level 1:colcon.colcon_core.package_discovery:discover_packages(prefix_path) discover
[0.223s] DEBUG:colcon.colcon_installed_package_information.package_discovery:Found 2 installed packages in /home/fvc/Desktop/robot_emblem/install
[0.224s] DEBUG:colcon.colcon_installed_package_information.package_discovery:Found 273 installed packages in /opt/ros/humble
[0.226s] Level 1:colcon.colcon_core.package_discovery:discover_packages(prefix_path) using defaults
[0.263s] Level 5:colcon.colcon_core.verb:set package 'robot_emblem' build argument 'cmake_args' from command line to 'None'
[0.263s] Level 5:colcon.colcon_core.verb:set package 'robot_emblem' build argument 'cmake_target' from command line to 'None'
[0.263s] Level 5:colcon.colcon_core.verb:set package 'robot_emblem' build argument 'cmake_target_skip_unavailable' from command line to 'False'
[0.263s] Level 5:colcon.colcon_core.verb:set package 'robot_emblem' build argument 'cmake_clean_cache' from command line to 'False'
[0.263s] Level 5:colcon.colcon_core.verb:set package 'robot_emblem' build argument 'cmake_clean_first' from command line to 'False'
[0.263s] Level 5:colcon.colcon_core.verb:set package 'robot_emblem' build argument 'cmake_force_configure' from command line to 'False'
[0.263s] Level 5:colcon.colcon_core.verb:set package 'robot_emblem' build argument 'ament_cmake_args' from command line to 'None'
[0.263s] Level 5:colcon.colcon_core.verb:set package 'robot_emblem' build argument 'catkin_cmake_args' from command line to 'None'
[0.263s] Level 5:colcon.colcon_core.verb:set package 'robot_emblem' build argument 'catkin_skip_building_tests' from command line to 'False'
[0.263s] DEBUG:colcon.colcon_core.verb:Building package 'robot_emblem' with the following arguments: {'ament_cmake_args': None, 'build_base': '/home/fvc/Desktop/robot_emblem/build/robot_emblem', 'catkin_cmake_args': None, 'catkin_skip_building_tests': False, 'cmake_args': None, 'cmake_clean_cache': False, 'cmake_clean_first': False, 'cmake_force_configure': False, 'cmake_target': None, 'cmake_target_skip_unavailable': False, 'install_base': '/home/fvc/Desktop/robot_emblem/install/robot_emblem', 'merge_install': False, 'path': '/home/fvc/Desktop/robot_emblem/src/robot_emblem', 'symlink_install': False, 'test_result_base': None}
[0.264s] Level 5:colcon.colcon_core.verb:set package 'robot_emblem_description' build argument 'cmake_args' from command line to 'None'
[0.264s] Level 5:colcon.colcon_core.verb:set package 'robot_emblem_description' build argument 'cmake_target' from command line to 'None'
[0.264s] Level 5:colcon.colcon_core.verb:set package 'robot_emblem_description' build argument 'cmake_target_skip_unavailable' from command line to 'False'
[0.264s] Level 5:colcon.colcon_core.verb:set package 'robot_emblem_description' build argument 'cmake_clean_cache' from command line to 'False'
[0.264s] Level 5:colcon.colcon_core.verb:set package 'robot_emblem_description' build argument 'cmake_clean_first' from command line to 'False'
[0.264s] Level 5:colcon.colcon_core.verb:set package 'robot_emblem_description' build argument 'cmake_force_configure' from command line to 'False'
[0.264s] Level 5:colcon.colcon_core.verb:set package 'robot_emblem_description' build argument 'ament_cmake_args' from command line to 'None'
[0.264s] Level 5:colcon.colcon_core.verb:set package 'robot_emblem_description' build argument 'catkin_cmake_args' from command line to 'None'
[0.264s] Level 5:colcon.colcon_core.verb:set package 'robot_emblem_description' build argument 'catkin_skip_building_tests' from command line to 'False'
[0.264s] DEBUG:colcon.colcon_core.verb:Building package 'robot_emblem_description' with the following arguments: {'ament_cmake_args': None, 'build_base': '/home/fvc/Desktop/robot_emblem/build/robot_emblem_description', 'catkin_cmake_args': None, 'catkin_skip_building_tests': False, 'cmake_args': None, 'cmake_clean_cache': False, 'cmake_clean_first': False, 'cmake_force_configure': False, 'cmake_target': None, 'cmake_target_skip_unavailable': False, 'install_base': '/home/fvc/Desktop/robot_emblem/install/robot_emblem_description', 'merge_install': False, 'path': '/home/fvc/Desktop/robot_emblem/src/robot_emblem_description', 'symlink_install': False, 'test_result_base': None}
[0.264s] INFO:colcon.colcon_core.executor:Executing jobs using 'parallel' executor
[0.266s] DEBUG:colcon.colcon_parallel_executor.executor.parallel:run_until_complete
[0.266s] INFO:colcon.colcon_ros.task.ament_cmake.build:Building ROS package in '/home/fvc/Desktop/robot_emblem/src/robot_emblem' with build type 'ament_cmake'
[0.266s] INFO:colcon.colcon_cmake.task.cmake.build:Building CMake package in '/home/fvc/Desktop/robot_emblem/src/robot_emblem'
[0.268s] INFO:colcon.colcon_core.plugin_system:Skipping extension 'colcon_core.shell.bat': Not used on non-Windows systems
[0.268s] INFO:colcon.colcon_core.shell:Skip shell extension 'powershell' for command environment: Not usable outside of PowerShell
[0.268s] DEBUG:colcon.colcon_core.shell:Skip shell extension 'dsv' for command environment
[0.273s] INFO:colcon.colcon_ros.task.ament_cmake.build:Building ROS package in '/home/fvc/Desktop/robot_emblem/src/robot_emblem_description' with build type 'ament_cmake'
[0.273s] INFO:colcon.colcon_cmake.task.cmake.build:Building CMake package in '/home/fvc/Desktop/robot_emblem/src/robot_emblem_description'
[0.273s] INFO:colcon.colcon_core.shell:Skip shell extension 'powershell' for command environment: Not usable outside of PowerShell
[0.273s] DEBUG:colcon.colcon_core.shell:Skip shell extension 'dsv' for command environment
[0.288s] DEBUG:colcon.colcon_core.event_handler.log_command:Invoking command in '/home/fvc/Desktop/robot_emblem/build/robot_emblem': CMAKE_PREFIX_PATH=${CMAKE_PREFIX_PATH}:/opt/ros/humble /usr/bin/cmake --build /home/fvc/Desktop/robot_emblem/build/robot_emblem -- -j2 -l2
[0.313s] DEBUG:colcon.colcon_core.event_handler.log_command:Invoking command in '/home/fvc/Desktop/robot_emblem/build/robot_emblem_description': CMAKE_PREFIX_PATH=${CMAKE_PREFIX_PATH}:/opt/ros/humble /usr/bin/cmake --build /home/fvc/Desktop/robot_emblem/build/robot_emblem_description -- -j2 -l2
[0.452s] DEBUG:colcon.colcon_core.event_handler.log_command:Invoked command in '/home/fvc/Desktop/robot_emblem/build/robot_emblem_description' returned '0': CMAKE_PREFIX_PATH=${CMAKE_PREFIX_PATH}:/opt/ros/humble /usr/bin/cmake --build /home/fvc/Desktop/robot_emblem/build/robot_emblem_description -- -j2 -l2
[0.491s] DEBUG:colcon.colcon_core.event_handler.log_command:Invoking command in '/home/fvc/Desktop/robot_emblem/build/robot_emblem_description': CMAKE_PREFIX_PATH=${CMAKE_PREFIX_PATH}:/opt/ros/humble /usr/bin/cmake --install /home/fvc/Desktop/robot_emblem/build/robot_emblem_description
[0.525s] Level 1:colcon.colcon_core.environment:create_environment_scripts_only(robot_emblem_description)
[0.530s] DEBUG:colcon.colcon_core.event_handler.log_command:Invoked command in '/home/fvc/Desktop/robot_emblem/build/robot_emblem_description' returned '0': CMAKE_PREFIX_PATH=${CMAKE_PREFIX_PATH}:/opt/ros/humble /usr/bin/cmake --install /home/fvc/Desktop/robot_emblem/build/robot_emblem_description
[0.532s] Level 1:colcon.colcon_core.environment:checking '/home/fvc/Desktop/robot_emblem/install/robot_emblem_description' for CMake module files
[0.535s] Level 1:colcon.colcon_core.environment:checking '/home/fvc/Desktop/robot_emblem/install/robot_emblem_description' for CMake config files
[0.535s] Level 1:colcon.colcon_core.shell:create_environment_hook('robot_emblem_description', 'cmake_prefix_path')
[0.535s] INFO:colcon.colcon_core.shell:Creating environment hook '/home/fvc/Desktop/robot_emblem/install/robot_emblem_description/share/robot_emblem_description/hook/cmake_prefix_path.ps1'
[0.542s] INFO:colcon.colcon_core.shell:Creating environment descriptor '/home/fvc/Desktop/robot_emblem/install/robot_emblem_description/share/robot_emblem_description/hook/cmake_prefix_path.dsv'
[0.547s] INFO:colcon.colcon_core.shell:Creating environment hook '/home/fvc/Desktop/robot_emblem/install/robot_emblem_description/share/robot_emblem_description/hook/cmake_prefix_path.sh'
[0.552s] Level 1:colcon.colcon_core.environment:checking '/home/fvc/Desktop/robot_emblem/install/robot_emblem_description/bin'
[0.553s] Level 1:colcon.colcon_core.environment:checking '/home/fvc/Desktop/robot_emblem/install/robot_emblem_description/lib/pkgconfig/robot_emblem_description.pc'
[0.553s] Level 1:colcon.colcon_core.environment:checking '/home/fvc/Desktop/robot_emblem/install/robot_emblem_description/lib/python3.10/site-packages'
[0.553s] Level 1:colcon.colcon_core.environment:checking '/home/fvc/Desktop/robot_emblem/install/robot_emblem_description/bin'
[0.553s] INFO:colcon.colcon_core.shell:Creating package script '/home/fvc/Desktop/robot_emblem/install/robot_emblem_description/share/robot_emblem_description/package.ps1'
[0.557s] INFO:colcon.colcon_core.shell:Creating package descriptor '/home/fvc/Desktop/robot_emblem/install/robot_emblem_description/share/robot_emblem_description/package.dsv'
[0.557s] INFO:colcon.colcon_core.shell:Creating package script '/home/fvc/Desktop/robot_emblem/install/robot_emblem_description/share/robot_emblem_description/package.sh'
[0.558s] INFO:colcon.colcon_core.shell:Creating package script '/home/fvc/Desktop/robot_emblem/install/robot_emblem_description/share/robot_emblem_description/package.bash'
[0.559s] INFO:colcon.colcon_core.shell:Creating package script '/home/fvc/Desktop/robot_emblem/install/robot_emblem_description/share/robot_emblem_description/package.zsh'
[0.560s] Level 1:colcon.colcon_core.environment:create_file_with_runtime_dependencies(/home/fvc/Desktop/robot_emblem/install/robot_emblem_description/share/colcon-core/packages/robot_emblem_description)
[0.561s] Level 1:colcon.colcon_core.environment:create_environment_scripts_only(robot_emblem_description)
[0.561s] Level 1:colcon.colcon_core.environment:checking '/home/fvc/Desktop/robot_emblem/install/robot_emblem_description' for CMake module files
[0.562s] Level 1:colcon.colcon_core.environment:checking '/home/fvc/Desktop/robot_emblem/install/robot_emblem_description' for CMake config files
[0.562s] Level 1:colcon.colcon_core.shell:create_environment_hook('robot_emblem_description', 'cmake_prefix_path')
[0.562s] INFO:colcon.colcon_core.shell:Creating environment hook '/home/fvc/Desktop/robot_emblem/install/robot_emblem_description/share/robot_emblem_description/hook/cmake_prefix_path.ps1'
[0.563s] INFO:colcon.colcon_core.shell:Creating environment descriptor '/home/fvc/Desktop/robot_emblem/install/robot_emblem_description/share/robot_emblem_description/hook/cmake_prefix_path.dsv'
[0.563s] INFO:colcon.colcon_core.shell:Creating environment hook '/home/fvc/Desktop/robot_emblem/install/robot_emblem_description/share/robot_emblem_description/hook/cmake_prefix_path.sh'
[0.564s] Level 1:colcon.colcon_core.environment:checking '/home/fvc/Desktop/robot_emblem/install/robot_emblem_description/bin'
[0.564s] Level 1:colcon.colcon_core.environment:checking '/home/fvc/Desktop/robot_emblem/install/robot_emblem_description/lib/pkgconfig/robot_emblem_description.pc'
[0.564s] Level 1:colcon.colcon_core.environment:checking '/home/fvc/Desktop/robot_emblem/install/robot_emblem_description/lib/python3.10/site-packages'
[0.565s] Level 1:colcon.colcon_core.environment:checking '/home/fvc/Desktop/robot_emblem/install/robot_emblem_description/bin'
[0.566s] INFO:colcon.colcon_core.shell:Creating package script '/home/fvc/Desktop/robot_emblem/install/robot_emblem_description/share/robot_emblem_description/package.ps1'
[0.569s] INFO:colcon.colcon_core.shell:Creating package descriptor '/home/fvc/Desktop/robot_emblem/install/robot_emblem_description/share/robot_emblem_description/package.dsv'
[0.570s] INFO:colcon.colcon_core.shell:Creating package script '/home/fvc/Desktop/robot_emblem/install/robot_emblem_description/share/robot_emblem_description/package.sh'
[0.579s] INFO:colcon.colcon_core.shell:Creating package script '/home/fvc/Desktop/robot_emblem/install/robot_emblem_description/share/robot_emblem_description/package.bash'
[0.580s] INFO:colcon.colcon_core.shell:Creating package script '/home/fvc/Desktop/robot_emblem/install/robot_emblem_description/share/robot_emblem_description/package.zsh'
[0.581s] Level 1:colcon.colcon_core.environment:create_file_with_runtime_dependencies(/home/fvc/Desktop/robot_emblem/install/robot_emblem_description/share/colcon-core/packages/robot_emblem_description)
[6.280s] DEBUG:colcon.colcon_core.event_handler.log_command:Invoked command in '/home/fvc/Desktop/robot_emblem/build/robot_emblem' returned '2': CMAKE_PREFIX_PATH=${CMAKE_PREFIX_PATH}:/opt/ros/humble /usr/bin/cmake --build /home/fvc/Desktop/robot_emblem/build/robot_emblem -- -j2 -l2
[6.281s] Level 1:colcon.colcon_core.environment:create_environment_scripts_only(robot_emblem)
[6.281s] Level 1:colcon.colcon_core.environment:checking '/home/fvc/Desktop/robot_emblem/install/robot_emblem' for CMake module files
[6.282s] Level 1:colcon.colcon_core.environment:checking '/home/fvc/Desktop/robot_emblem/install/robot_emblem' for CMake config files
[6.283s] Level 1:colcon.colcon_core.shell:create_environment_hook('robot_emblem', 'cmake_prefix_path')
[6.284s] INFO:colcon.colcon_core.shell:Creating environment hook '/home/fvc/Desktop/robot_emblem/install/robot_emblem/share/robot_emblem/hook/cmake_prefix_path.ps1'
[6.284s] INFO:colcon.colcon_core.shell:Creating environment descriptor '/home/fvc/Desktop/robot_emblem/install/robot_emblem/share/robot_emblem/hook/cmake_prefix_path.dsv'
[6.286s] INFO:colcon.colcon_core.shell:Creating environment hook '/home/fvc/Desktop/robot_emblem/install/robot_emblem/share/robot_emblem/hook/cmake_prefix_path.sh'
[6.286s] Level 1:colcon.colcon_core.environment:checking '/home/fvc/Desktop/robot_emblem/install/robot_emblem/lib'
[6.287s] Level 1:colcon.colcon_core.environment:checking '/home/fvc/Desktop/robot_emblem/install/robot_emblem/bin'
[6.287s] Level 1:colcon.colcon_core.environment:checking '/home/fvc/Desktop/robot_emblem/install/robot_emblem/lib/pkgconfig/robot_emblem.pc'
[6.287s] Level 1:colcon.colcon_core.environment:checking '/home/fvc/Desktop/robot_emblem/install/robot_emblem/lib/python3.10/site-packages'
[6.287s] Level 1:colcon.colcon_core.environment:checking '/home/fvc/Desktop/robot_emblem/install/robot_emblem/bin'
[6.287s] INFO:colcon.colcon_core.shell:Creating package script '/home/fvc/Desktop/robot_emblem/install/robot_emblem/share/robot_emblem/package.ps1'
[6.288s] INFO:colcon.colcon_core.shell:Creating package descriptor '/home/fvc/Desktop/robot_emblem/install/robot_emblem/share/robot_emblem/package.dsv'
[6.288s] INFO:colcon.colcon_core.shell:Creating package script '/home/fvc/Desktop/robot_emblem/install/robot_emblem/share/robot_emblem/package.sh'
[6.289s] INFO:colcon.colcon_core.shell:Creating package script '/home/fvc/Desktop/robot_emblem/install/robot_emblem/share/robot_emblem/package.bash'
[6.290s] INFO:colcon.colcon_core.shell:Creating package script '/home/fvc/Desktop/robot_emblem/install/robot_emblem/share/robot_emblem/package.zsh'
[6.291s] Level 1:colcon.colcon_core.environment:create_file_with_runtime_dependencies(/home/fvc/Desktop/robot_emblem/install/robot_emblem/share/colcon-core/packages/robot_emblem)
[6.302s] DEBUG:colcon.colcon_parallel_executor.executor.parallel:closing loop
[6.303s] DEBUG:colcon.colcon_parallel_executor.executor.parallel:loop closed
[6.303s] DEBUG:colcon.colcon_parallel_executor.executor.parallel:run_until_complete finished with '2'
[6.303s] DEBUG:colcon.colcon_core.event_reactor:joining thread
[6.312s] INFO:colcon.colcon_core.plugin_system:Skipping extension 'colcon_notification.desktop_notification.terminal_notifier': Not used on non-Darwin systems
[6.312s] INFO:colcon.colcon_core.plugin_system:Skipping extension 'colcon_notification.desktop_notification.win32': Not used on non-Windows systems
[6.312s] INFO:colcon.colcon_notification.desktop_notification:Sending desktop notification using 'notify2'
[6.339s] DEBUG:colcon.colcon_core.event_reactor:joined thread
[6.340s] INFO:colcon.colcon_core.shell:Creating prefix script '/home/fvc/Desktop/robot_emblem/install/local_setup.ps1'
[6.342s] INFO:colcon.colcon_core.shell:Creating prefix util module '/home/fvc/Desktop/robot_emblem/install/_local_setup_util_ps1.py'
[6.345s] INFO:colcon.colcon_core.shell:Creating prefix chain script '/home/fvc/Desktop/robot_emblem/install/setup.ps1'
[6.347s] INFO:colcon.colcon_core.shell:Creating prefix script '/home/fvc/Desktop/robot_emblem/install/local_setup.sh'
[6.348s] INFO:colcon.colcon_core.shell:Creating prefix util module '/home/fvc/Desktop/robot_emblem/install/_local_setup_util_sh.py'
[6.349s] INFO:colcon.colcon_core.shell:Creating prefix chain script '/home/fvc/Desktop/robot_emblem/install/setup.sh'
[6.352s] INFO:colcon.colcon_core.shell:Creating prefix script '/home/fvc/Desktop/robot_emblem/install/local_setup.bash'
[6.353s] INFO:colcon.colcon_core.shell:Creating prefix chain script '/home/fvc/Desktop/robot_emblem/install/setup.bash'
[6.355s] INFO:colcon.colcon_core.shell:Creating prefix script '/home/fvc/Desktop/robot_emblem/install/local_setup.zsh'
[6.357s] INFO:colcon.colcon_core.shell:Creating prefix chain script '/home/fvc/Desktop/robot_emblem/install/setup.zsh'
