[0.167s] DEBUG:colcon:Command line arguments: ['/usr/bin/colcon', 'build']
[0.167s] DEBUG:colcon:Parsed command line arguments: Namespace(log_base=None, log_level=None, verb_name='build', build_base='build', install_base='install', merge_install=False, symlink_install=False, test_result_base=None, continue_on_error=False, executor='parallel', parallel_workers=2, event_handlers=None, ignore_user_meta=False, metas=['./colcon.meta'], base_paths=['.'], packages_ignore=None, packages_ignore_regex=None, paths=None, packages_up_to=None, packages_up_to_regex=None, packages_above=None, packages_above_and_dependencies=None, packages_above_depth=None, packages_select_by_dep=None, packages_skip_by_dep=None, packages_skip_up_to=None, packages_select_build_failed=False, packages_skip_build_finished=False, packages_select_test_failures=False, packages_skip_test_passed=False, packages_select=None, packages_skip=None, packages_select_regex=None, packages_skip_regex=None, packages_start=None, packages_end=None, allow_overriding=[], cmake_args=None, cmake_target=None, cmake_target_skip_unavailable=False, cmake_clean_cache=False, cmake_clean_first=False, cmake_force_configure=False, ament_cmake_args=None, catkin_cmake_args=None, catkin_skip_building_tests=False, verb_parser=<colcon_defaults.argument_parser.defaults.DefaultArgumentsDecorator object at 0x7c6a2ced7430>, verb_extension=<colcon_core.verb.build.BuildVerb object at 0x7c6a2d06c850>, main=<bound method BuildVerb.main of <colcon_core.verb.build.BuildVerb object at 0x7c6a2d06c850>>)
[0.378s] Level 1:colcon.colcon_core.package_discovery:discover_packages(colcon_meta) check parameters
[0.378s] Level 1:colcon.colcon_core.package_discovery:discover_packages(recursive) check parameters
[0.379s] Level 1:colcon.colcon_core.package_discovery:discover_packages(ignore) check parameters
[0.379s] Level 1:colcon.colcon_core.package_discovery:discover_packages(path) check parameters
[0.379s] Level 1:colcon.colcon_core.package_discovery:discover_packages(colcon_meta) discover
[0.379s] Level 1:colcon.colcon_core.package_discovery:discover_packages(recursive) discover
[0.379s] INFO:colcon.colcon_core.package_discovery:Crawling recursively for packages in '/home/fvc/Desktop/robot_emblem'
[0.379s] Level 1:colcon.colcon_core.package_identification:_identify(.) by extensions ['ignore', 'ignore_ament_install']
[0.379s] Level 1:colcon.colcon_core.package_identification:_identify(.) by extension 'ignore'
[0.379s] Level 1:colcon.colcon_core.package_identification:_identify(.) by extension 'ignore_ament_install'
[0.379s] Level 1:colcon.colcon_core.package_identification:_identify(.) by extensions ['colcon_pkg']
[0.379s] Level 1:colcon.colcon_core.package_identification:_identify(.) by extension 'colcon_pkg'
[0.379s] Level 1:colcon.colcon_core.package_identification:_identify(.) by extensions ['colcon_meta']
[0.379s] Level 1:colcon.colcon_core.package_identification:_identify(.) by extension 'colcon_meta'
[0.379s] Level 1:colcon.colcon_core.package_identification:_identify(.) by extensions ['ros']
[0.379s] Level 1:colcon.colcon_core.package_identification:_identify(.) by extension 'ros'
[0.395s] Level 1:colcon.colcon_core.package_identification:_identify(.) by extensions ['cmake', 'python']
[0.395s] Level 1:colcon.colcon_core.package_identification:_identify(.) by extension 'cmake'
[0.395s] Level 1:colcon.colcon_core.package_identification:_identify(.) by extension 'python'
[0.395s] Level 1:colcon.colcon_core.package_identification:_identify(.) by extensions ['python_setup_py']
[0.395s] Level 1:colcon.colcon_core.package_identification:_identify(.) by extension 'python_setup_py'
[0.395s] Level 1:colcon.colcon_core.package_identification:_identify(build) by extensions ['ignore', 'ignore_ament_install']
[0.396s] Level 1:colcon.colcon_core.package_identification:_identify(build) by extension 'ignore'
[0.396s] Level 1:colcon.colcon_core.package_identification:_identify(build) ignored
[0.396s] Level 1:colcon.colcon_core.package_identification:_identify(install) by extensions ['ignore', 'ignore_ament_install']
[0.396s] Level 1:colcon.colcon_core.package_identification:_identify(install) by extension 'ignore'
[0.396s] Level 1:colcon.colcon_core.package_identification:_identify(install) ignored
[0.397s] Level 1:colcon.colcon_core.package_identification:_identify(log) by extensions ['ignore', 'ignore_ament_install']
[0.397s] Level 1:colcon.colcon_core.package_identification:_identify(log) by extension 'ignore'
[0.397s] Level 1:colcon.colcon_core.package_identification:_identify(log) ignored
[0.397s] Level 1:colcon.colcon_core.package_identification:_identify(src) by extensions ['ignore', 'ignore_ament_install']
[0.398s] Level 1:colcon.colcon_core.package_identification:_identify(src) by extension 'ignore'
[0.398s] Level 1:colcon.colcon_core.package_identification:_identify(src) by extension 'ignore_ament_install'
[0.398s] Level 1:colcon.colcon_core.package_identification:_identify(src) by extensions ['colcon_pkg']
[0.398s] Level 1:colcon.colcon_core.package_identification:_identify(src) by extension 'colcon_pkg'
[0.398s] Level 1:colcon.colcon_core.package_identification:_identify(src) by extensions ['colcon_meta']
[0.398s] Level 1:colcon.colcon_core.package_identification:_identify(src) by extension 'colcon_meta'
[0.398s] Level 1:colcon.colcon_core.package_identification:_identify(src) by extensions ['ros']
[0.398s] Level 1:colcon.colcon_core.package_identification:_identify(src) by extension 'ros'
[0.398s] Level 1:colcon.colcon_core.package_identification:_identify(src) by extensions ['cmake', 'python']
[0.398s] Level 1:colcon.colcon_core.package_identification:_identify(src) by extension 'cmake'
[0.398s] Level 1:colcon.colcon_core.package_identification:_identify(src) by extension 'python'
[0.398s] Level 1:colcon.colcon_core.package_identification:_identify(src) by extensions ['python_setup_py']
[0.399s] Level 1:colcon.colcon_core.package_identification:_identify(src) by extension 'python_setup_py'
[0.399s] Level 1:colcon.colcon_core.package_identification:_identify(src/robot_emblem) by extensions ['ignore', 'ignore_ament_install']
[0.399s] Level 1:colcon.colcon_core.package_identification:_identify(src/robot_emblem) by extension 'ignore'
[0.399s] Level 1:colcon.colcon_core.package_identification:_identify(src/robot_emblem) by extension 'ignore_ament_install'
[0.399s] Level 1:colcon.colcon_core.package_identification:_identify(src/robot_emblem) by extensions ['colcon_pkg']
[0.399s] Level 1:colcon.colcon_core.package_identification:_identify(src/robot_emblem) by extension 'colcon_pkg'
[0.399s] Level 1:colcon.colcon_core.package_identification:_identify(src/robot_emblem) by extensions ['colcon_meta']
[0.399s] Level 1:colcon.colcon_core.package_identification:_identify(src/robot_emblem) by extension 'colcon_meta'
[0.399s] Level 1:colcon.colcon_core.package_identification:_identify(src/robot_emblem) by extensions ['ros']
[0.399s] Level 1:colcon.colcon_core.package_identification:_identify(src/robot_emblem) by extension 'ros'
[0.403s] DEBUG:colcon.colcon_core.package_identification:Package 'src/robot_emblem' with type 'ros.ament_cmake' and name 'robot_emblem'
[0.403s] Level 1:colcon.colcon_core.package_identification:_identify(src/robot_emblem_description) by extensions ['ignore', 'ignore_ament_install']
[0.403s] Level 1:colcon.colcon_core.package_identification:_identify(src/robot_emblem_description) by extension 'ignore'
[0.403s] Level 1:colcon.colcon_core.package_identification:_identify(src/robot_emblem_description) by extension 'ignore_ament_install'
[0.403s] Level 1:colcon.colcon_core.package_identification:_identify(src/robot_emblem_description) by extensions ['colcon_pkg']
[0.404s] Level 1:colcon.colcon_core.package_identification:_identify(src/robot_emblem_description) by extension 'colcon_pkg'
[0.404s] Level 1:colcon.colcon_core.package_identification:_identify(src/robot_emblem_description) by extensions ['colcon_meta']
[0.404s] Level 1:colcon.colcon_core.package_identification:_identify(src/robot_emblem_description) by extension 'colcon_meta'
[0.404s] Level 1:colcon.colcon_core.package_identification:_identify(src/robot_emblem_description) by extensions ['ros']
[0.404s] Level 1:colcon.colcon_core.package_identification:_identify(src/robot_emblem_description) by extension 'ros'
[0.405s] DEBUG:colcon.colcon_core.package_identification:Package 'src/robot_emblem_description' with type 'ros.ament_cmake' and name 'robot_emblem_description'
[0.405s] Level 1:colcon.colcon_core.package_discovery:discover_packages(recursive) using defaults
[0.405s] Level 1:colcon.colcon_core.package_discovery:discover_packages(ignore) discover
[0.405s] Level 1:colcon.colcon_core.package_discovery:discover_packages(ignore) using defaults
[0.405s] Level 1:colcon.colcon_core.package_discovery:discover_packages(path) discover
[0.405s] Level 1:colcon.colcon_core.package_discovery:discover_packages(path) using defaults
[0.431s] Level 1:colcon.colcon_core.package_discovery:discover_packages(prefix_path) check parameters
[0.432s] Level 1:colcon.colcon_core.package_discovery:discover_packages(prefix_path) discover
[0.435s] DEBUG:colcon.colcon_installed_package_information.package_discovery:Found 2 installed packages in /home/fvc/Desktop/robot_emblem/install
[0.438s] DEBUG:colcon.colcon_installed_package_information.package_discovery:Found 273 installed packages in /opt/ros/humble
[0.441s] Level 1:colcon.colcon_core.package_discovery:discover_packages(prefix_path) using defaults
[0.511s] Level 5:colcon.colcon_core.verb:set package 'robot_emblem' build argument 'cmake_args' from command line to 'None'
[0.511s] Level 5:colcon.colcon_core.verb:set package 'robot_emblem' build argument 'cmake_target' from command line to 'None'
[0.511s] Level 5:colcon.colcon_core.verb:set package 'robot_emblem' build argument 'cmake_target_skip_unavailable' from command line to 'False'
[0.511s] Level 5:colcon.colcon_core.verb:set package 'robot_emblem' build argument 'cmake_clean_cache' from command line to 'False'
[0.511s] Level 5:colcon.colcon_core.verb:set package 'robot_emblem' build argument 'cmake_clean_first' from command line to 'False'
[0.512s] Level 5:colcon.colcon_core.verb:set package 'robot_emblem' build argument 'cmake_force_configure' from command line to 'False'
[0.512s] Level 5:colcon.colcon_core.verb:set package 'robot_emblem' build argument 'ament_cmake_args' from command line to 'None'
[0.512s] Level 5:colcon.colcon_core.verb:set package 'robot_emblem' build argument 'catkin_cmake_args' from command line to 'None'
[0.512s] Level 5:colcon.colcon_core.verb:set package 'robot_emblem' build argument 'catkin_skip_building_tests' from command line to 'False'
[0.512s] DEBUG:colcon.colcon_core.verb:Building package 'robot_emblem' with the following arguments: {'ament_cmake_args': None, 'build_base': '/home/fvc/Desktop/robot_emblem/build/robot_emblem', 'catkin_cmake_args': None, 'catkin_skip_building_tests': False, 'cmake_args': None, 'cmake_clean_cache': False, 'cmake_clean_first': False, 'cmake_force_configure': False, 'cmake_target': None, 'cmake_target_skip_unavailable': False, 'install_base': '/home/fvc/Desktop/robot_emblem/install/robot_emblem', 'merge_install': False, 'path': '/home/fvc/Desktop/robot_emblem/src/robot_emblem', 'symlink_install': False, 'test_result_base': None}
[0.513s] Level 5:colcon.colcon_core.verb:set package 'robot_emblem_description' build argument 'cmake_args' from command line to 'None'
[0.513s] Level 5:colcon.colcon_core.verb:set package 'robot_emblem_description' build argument 'cmake_target' from command line to 'None'
[0.513s] Level 5:colcon.colcon_core.verb:set package 'robot_emblem_description' build argument 'cmake_target_skip_unavailable' from command line to 'False'
[0.513s] Level 5:colcon.colcon_core.verb:set package 'robot_emblem_description' build argument 'cmake_clean_cache' from command line to 'False'
[0.513s] Level 5:colcon.colcon_core.verb:set package 'robot_emblem_description' build argument 'cmake_clean_first' from command line to 'False'
[0.513s] Level 5:colcon.colcon_core.verb:set package 'robot_emblem_description' build argument 'cmake_force_configure' from command line to 'False'
[0.513s] Level 5:colcon.colcon_core.verb:set package 'robot_emblem_description' build argument 'ament_cmake_args' from command line to 'None'
[0.513s] Level 5:colcon.colcon_core.verb:set package 'robot_emblem_description' build argument 'catkin_cmake_args' from command line to 'None'
[0.513s] Level 5:colcon.colcon_core.verb:set package 'robot_emblem_description' build argument 'catkin_skip_building_tests' from command line to 'False'
[0.513s] DEBUG:colcon.colcon_core.verb:Building package 'robot_emblem_description' with the following arguments: {'ament_cmake_args': None, 'build_base': '/home/fvc/Desktop/robot_emblem/build/robot_emblem_description', 'catkin_cmake_args': None, 'catkin_skip_building_tests': False, 'cmake_args': None, 'cmake_clean_cache': False, 'cmake_clean_first': False, 'cmake_force_configure': False, 'cmake_target': None, 'cmake_target_skip_unavailable': False, 'install_base': '/home/fvc/Desktop/robot_emblem/install/robot_emblem_description', 'merge_install': False, 'path': '/home/fvc/Desktop/robot_emblem/src/robot_emblem_description', 'symlink_install': False, 'test_result_base': None}
[0.514s] INFO:colcon.colcon_core.executor:Executing jobs using 'parallel' executor
[0.515s] DEBUG:colcon.colcon_parallel_executor.executor.parallel:run_until_complete
[0.516s] INFO:colcon.colcon_ros.task.ament_cmake.build:Building ROS package in '/home/fvc/Desktop/robot_emblem/src/robot_emblem' with build type 'ament_cmake'
[0.516s] INFO:colcon.colcon_cmake.task.cmake.build:Building CMake package in '/home/fvc/Desktop/robot_emblem/src/robot_emblem'
[0.520s] INFO:colcon.colcon_core.plugin_system:Skipping extension 'colcon_core.shell.bat': Not used on non-Windows systems
[0.520s] INFO:colcon.colcon_core.shell:Skip shell extension 'powershell' for command environment: Not usable outside of PowerShell
[0.521s] DEBUG:colcon.colcon_core.shell:Skip shell extension 'dsv' for command environment
[0.530s] INFO:colcon.colcon_ros.task.ament_cmake.build:Building ROS package in '/home/fvc/Desktop/robot_emblem/src/robot_emblem_description' with build type 'ament_cmake'
[0.530s] INFO:colcon.colcon_cmake.task.cmake.build:Building CMake package in '/home/fvc/Desktop/robot_emblem/src/robot_emblem_description'
[0.531s] INFO:colcon.colcon_core.shell:Skip shell extension 'powershell' for command environment: Not usable outside of PowerShell
[0.531s] DEBUG:colcon.colcon_core.shell:Skip shell extension 'dsv' for command environment
[0.562s] DEBUG:colcon.colcon_core.event_handler.log_command:Invoking command in '/home/fvc/Desktop/robot_emblem/build/robot_emblem': CMAKE_PREFIX_PATH=${CMAKE_PREFIX_PATH}:/opt/ros/humble /usr/bin/cmake --build /home/fvc/Desktop/robot_emblem/build/robot_emblem -- -j2 -l2
[0.577s] DEBUG:colcon.colcon_core.event_handler.log_command:Invoking command in '/home/fvc/Desktop/robot_emblem/build/robot_emblem_description': CMAKE_PREFIX_PATH=${CMAKE_PREFIX_PATH}:/opt/ros/humble /usr/bin/cmake --build /home/fvc/Desktop/robot_emblem/build/robot_emblem_description -- -j2 -l2
[0.795s] DEBUG:colcon.colcon_core.event_handler.log_command:Invoked command in '/home/fvc/Desktop/robot_emblem/build/robot_emblem_description' returned '0': CMAKE_PREFIX_PATH=${CMAKE_PREFIX_PATH}:/opt/ros/humble /usr/bin/cmake --build /home/fvc/Desktop/robot_emblem/build/robot_emblem_description -- -j2 -l2
[0.856s] DEBUG:colcon.colcon_core.event_handler.log_command:Invoking command in '/home/fvc/Desktop/robot_emblem/build/robot_emblem_description': CMAKE_PREFIX_PATH=${CMAKE_PREFIX_PATH}:/opt/ros/humble /usr/bin/cmake --install /home/fvc/Desktop/robot_emblem/build/robot_emblem_description
[0.921s] Level 1:colcon.colcon_core.environment:create_environment_scripts_only(robot_emblem_description)
[0.923s] DEBUG:colcon.colcon_core.event_handler.log_command:Invoked command in '/home/fvc/Desktop/robot_emblem/build/robot_emblem_description' returned '0': CMAKE_PREFIX_PATH=${CMAKE_PREFIX_PATH}:/opt/ros/humble /usr/bin/cmake --install /home/fvc/Desktop/robot_emblem/build/robot_emblem_description
[0.929s] Level 1:colcon.colcon_core.environment:checking '/home/fvc/Desktop/robot_emblem/install/robot_emblem_description' for CMake module files
[0.930s] Level 1:colcon.colcon_core.environment:checking '/home/fvc/Desktop/robot_emblem/install/robot_emblem_description' for CMake config files
[0.933s] Level 1:colcon.colcon_core.shell:create_environment_hook('robot_emblem_description', 'cmake_prefix_path')
[0.934s] INFO:colcon.colcon_core.shell:Creating environment hook '/home/fvc/Desktop/robot_emblem/install/robot_emblem_description/share/robot_emblem_description/hook/cmake_prefix_path.ps1'
[0.937s] INFO:colcon.colcon_core.shell:Creating environment descriptor '/home/fvc/Desktop/robot_emblem/install/robot_emblem_description/share/robot_emblem_description/hook/cmake_prefix_path.dsv'
[0.943s] INFO:colcon.colcon_core.shell:Creating environment hook '/home/fvc/Desktop/robot_emblem/install/robot_emblem_description/share/robot_emblem_description/hook/cmake_prefix_path.sh'
[0.945s] Level 1:colcon.colcon_core.environment:checking '/home/fvc/Desktop/robot_emblem/install/robot_emblem_description/bin'
[0.946s] Level 1:colcon.colcon_core.environment:checking '/home/fvc/Desktop/robot_emblem/install/robot_emblem_description/lib/pkgconfig/robot_emblem_description.pc'
[0.949s] Level 1:colcon.colcon_core.environment:checking '/home/fvc/Desktop/robot_emblem/install/robot_emblem_description/lib/python3.10/site-packages'
[0.950s] Level 1:colcon.colcon_core.environment:checking '/home/fvc/Desktop/robot_emblem/install/robot_emblem_description/bin'
[0.952s] INFO:colcon.colcon_core.shell:Creating package script '/home/fvc/Desktop/robot_emblem/install/robot_emblem_description/share/robot_emblem_description/package.ps1'
[0.955s] INFO:colcon.colcon_core.shell:Creating package descriptor '/home/fvc/Desktop/robot_emblem/install/robot_emblem_description/share/robot_emblem_description/package.dsv'
[0.956s] INFO:colcon.colcon_core.shell:Creating package script '/home/fvc/Desktop/robot_emblem/install/robot_emblem_description/share/robot_emblem_description/package.sh'
[0.963s] INFO:colcon.colcon_core.shell:Creating package script '/home/fvc/Desktop/robot_emblem/install/robot_emblem_description/share/robot_emblem_description/package.bash'
[0.970s] INFO:colcon.colcon_core.shell:Creating package script '/home/fvc/Desktop/robot_emblem/install/robot_emblem_description/share/robot_emblem_description/package.zsh'
[0.975s] Level 1:colcon.colcon_core.environment:create_file_with_runtime_dependencies(/home/fvc/Desktop/robot_emblem/install/robot_emblem_description/share/colcon-core/packages/robot_emblem_description)
[0.976s] Level 1:colcon.colcon_core.environment:create_environment_scripts_only(robot_emblem_description)
[0.977s] Level 1:colcon.colcon_core.environment:checking '/home/fvc/Desktop/robot_emblem/install/robot_emblem_description' for CMake module files
[0.978s] Level 1:colcon.colcon_core.environment:checking '/home/fvc/Desktop/robot_emblem/install/robot_emblem_description' for CMake config files
[0.979s] Level 1:colcon.colcon_core.shell:create_environment_hook('robot_emblem_description', 'cmake_prefix_path')
[0.979s] INFO:colcon.colcon_core.shell:Creating environment hook '/home/fvc/Desktop/robot_emblem/install/robot_emblem_description/share/robot_emblem_description/hook/cmake_prefix_path.ps1'
[0.980s] INFO:colcon.colcon_core.shell:Creating environment descriptor '/home/fvc/Desktop/robot_emblem/install/robot_emblem_description/share/robot_emblem_description/hook/cmake_prefix_path.dsv'
[0.982s] INFO:colcon.colcon_core.shell:Creating environment hook '/home/fvc/Desktop/robot_emblem/install/robot_emblem_description/share/robot_emblem_description/hook/cmake_prefix_path.sh'
[0.985s] Level 1:colcon.colcon_core.environment:checking '/home/fvc/Desktop/robot_emblem/install/robot_emblem_description/bin'
[0.985s] Level 1:colcon.colcon_core.environment:checking '/home/fvc/Desktop/robot_emblem/install/robot_emblem_description/lib/pkgconfig/robot_emblem_description.pc'
[0.985s] Level 1:colcon.colcon_core.environment:checking '/home/fvc/Desktop/robot_emblem/install/robot_emblem_description/lib/python3.10/site-packages'
[0.985s] Level 1:colcon.colcon_core.environment:checking '/home/fvc/Desktop/robot_emblem/install/robot_emblem_description/bin'
[0.986s] INFO:colcon.colcon_core.shell:Creating package script '/home/fvc/Desktop/robot_emblem/install/robot_emblem_description/share/robot_emblem_description/package.ps1'
[0.987s] INFO:colcon.colcon_core.shell:Creating package descriptor '/home/fvc/Desktop/robot_emblem/install/robot_emblem_description/share/robot_emblem_description/package.dsv'
[0.988s] INFO:colcon.colcon_core.shell:Creating package script '/home/fvc/Desktop/robot_emblem/install/robot_emblem_description/share/robot_emblem_description/package.sh'
[0.989s] INFO:colcon.colcon_core.shell:Creating package script '/home/fvc/Desktop/robot_emblem/install/robot_emblem_description/share/robot_emblem_description/package.bash'
[0.991s] INFO:colcon.colcon_core.shell:Creating package script '/home/fvc/Desktop/robot_emblem/install/robot_emblem_description/share/robot_emblem_description/package.zsh'
[0.992s] Level 1:colcon.colcon_core.environment:create_file_with_runtime_dependencies(/home/fvc/Desktop/robot_emblem/install/robot_emblem_description/share/colcon-core/packages/robot_emblem_description)
[0.997s] DEBUG:colcon.colcon_core.event_handler.log_command:Invoked command in '/home/fvc/Desktop/robot_emblem/build/robot_emblem' returned '0': CMAKE_PREFIX_PATH=${CMAKE_PREFIX_PATH}:/opt/ros/humble /usr/bin/cmake --build /home/fvc/Desktop/robot_emblem/build/robot_emblem -- -j2 -l2
[1.003s] DEBUG:colcon.colcon_core.event_handler.log_command:Invoking command in '/home/fvc/Desktop/robot_emblem/build/robot_emblem': CMAKE_PREFIX_PATH=${CMAKE_PREFIX_PATH}:/opt/ros/humble /usr/bin/cmake --install /home/fvc/Desktop/robot_emblem/build/robot_emblem
[1.046s] Level 1:colcon.colcon_core.environment:create_environment_scripts_only(robot_emblem)
[1.046s] Level 1:colcon.colcon_core.environment:checking '/home/fvc/Desktop/robot_emblem/install/robot_emblem' for CMake module files
[1.048s] DEBUG:colcon.colcon_core.event_handler.log_command:Invoked command in '/home/fvc/Desktop/robot_emblem/build/robot_emblem' returned '0': CMAKE_PREFIX_PATH=${CMAKE_PREFIX_PATH}:/opt/ros/humble /usr/bin/cmake --install /home/fvc/Desktop/robot_emblem/build/robot_emblem
[1.049s] Level 1:colcon.colcon_core.environment:checking '/home/fvc/Desktop/robot_emblem/install/robot_emblem' for CMake config files
[1.050s] Level 1:colcon.colcon_core.shell:create_environment_hook('robot_emblem', 'cmake_prefix_path')
[1.050s] INFO:colcon.colcon_core.shell:Creating environment hook '/home/fvc/Desktop/robot_emblem/install/robot_emblem/share/robot_emblem/hook/cmake_prefix_path.ps1'
[1.051s] INFO:colcon.colcon_core.shell:Creating environment descriptor '/home/fvc/Desktop/robot_emblem/install/robot_emblem/share/robot_emblem/hook/cmake_prefix_path.dsv'
[1.054s] INFO:colcon.colcon_core.shell:Creating environment hook '/home/fvc/Desktop/robot_emblem/install/robot_emblem/share/robot_emblem/hook/cmake_prefix_path.sh'
[1.055s] Level 1:colcon.colcon_core.environment:checking '/home/fvc/Desktop/robot_emblem/install/robot_emblem/lib'
[1.055s] Level 1:colcon.colcon_core.environment:checking '/home/fvc/Desktop/robot_emblem/install/robot_emblem/bin'
[1.055s] Level 1:colcon.colcon_core.environment:checking '/home/fvc/Desktop/robot_emblem/install/robot_emblem/lib/pkgconfig/robot_emblem.pc'
[1.056s] Level 1:colcon.colcon_core.environment:checking '/home/fvc/Desktop/robot_emblem/install/robot_emblem/lib/python3.10/site-packages'
[1.056s] Level 1:colcon.colcon_core.environment:checking '/home/fvc/Desktop/robot_emblem/install/robot_emblem/bin'
[1.057s] INFO:colcon.colcon_core.shell:Creating package script '/home/fvc/Desktop/robot_emblem/install/robot_emblem/share/robot_emblem/package.ps1'
[1.058s] INFO:colcon.colcon_core.shell:Creating package descriptor '/home/fvc/Desktop/robot_emblem/install/robot_emblem/share/robot_emblem/package.dsv'
[1.060s] INFO:colcon.colcon_core.shell:Creating package script '/home/fvc/Desktop/robot_emblem/install/robot_emblem/share/robot_emblem/package.sh'
[1.061s] INFO:colcon.colcon_core.shell:Creating package script '/home/fvc/Desktop/robot_emblem/install/robot_emblem/share/robot_emblem/package.bash'
[1.063s] INFO:colcon.colcon_core.shell:Creating package script '/home/fvc/Desktop/robot_emblem/install/robot_emblem/share/robot_emblem/package.zsh'
[1.063s] Level 1:colcon.colcon_core.environment:create_file_with_runtime_dependencies(/home/fvc/Desktop/robot_emblem/install/robot_emblem/share/colcon-core/packages/robot_emblem)
[1.065s] Level 1:colcon.colcon_core.environment:create_environment_scripts_only(robot_emblem)
[1.065s] Level 1:colcon.colcon_core.environment:checking '/home/fvc/Desktop/robot_emblem/install/robot_emblem' for CMake module files
[1.066s] Level 1:colcon.colcon_core.environment:checking '/home/fvc/Desktop/robot_emblem/install/robot_emblem' for CMake config files
[1.066s] Level 1:colcon.colcon_core.shell:create_environment_hook('robot_emblem', 'cmake_prefix_path')
[1.067s] INFO:colcon.colcon_core.shell:Creating environment hook '/home/fvc/Desktop/robot_emblem/install/robot_emblem/share/robot_emblem/hook/cmake_prefix_path.ps1'
[1.068s] INFO:colcon.colcon_core.shell:Creating environment descriptor '/home/fvc/Desktop/robot_emblem/install/robot_emblem/share/robot_emblem/hook/cmake_prefix_path.dsv'
[1.069s] INFO:colcon.colcon_core.shell:Creating environment hook '/home/fvc/Desktop/robot_emblem/install/robot_emblem/share/robot_emblem/hook/cmake_prefix_path.sh'
[1.070s] Level 1:colcon.colcon_core.environment:checking '/home/fvc/Desktop/robot_emblem/install/robot_emblem/lib'
[1.073s] Level 1:colcon.colcon_core.environment:checking '/home/fvc/Desktop/robot_emblem/install/robot_emblem/bin'
[1.074s] Level 1:colcon.colcon_core.environment:checking '/home/fvc/Desktop/robot_emblem/install/robot_emblem/lib/pkgconfig/robot_emblem.pc'
[1.074s] Level 1:colcon.colcon_core.environment:checking '/home/fvc/Desktop/robot_emblem/install/robot_emblem/lib/python3.10/site-packages'
[1.074s] Level 1:colcon.colcon_core.environment:checking '/home/fvc/Desktop/robot_emblem/install/robot_emblem/bin'
[1.075s] INFO:colcon.colcon_core.shell:Creating package script '/home/fvc/Desktop/robot_emblem/install/robot_emblem/share/robot_emblem/package.ps1'
[1.077s] INFO:colcon.colcon_core.shell:Creating package descriptor '/home/fvc/Desktop/robot_emblem/install/robot_emblem/share/robot_emblem/package.dsv'
[1.080s] INFO:colcon.colcon_core.shell:Creating package script '/home/fvc/Desktop/robot_emblem/install/robot_emblem/share/robot_emblem/package.sh'
[1.082s] INFO:colcon.colcon_core.shell:Creating package script '/home/fvc/Desktop/robot_emblem/install/robot_emblem/share/robot_emblem/package.bash'
[1.083s] INFO:colcon.colcon_core.shell:Creating package script '/home/fvc/Desktop/robot_emblem/install/robot_emblem/share/robot_emblem/package.zsh'
[1.085s] Level 1:colcon.colcon_core.environment:create_file_with_runtime_dependencies(/home/fvc/Desktop/robot_emblem/install/robot_emblem/share/colcon-core/packages/robot_emblem)
[1.087s] DEBUG:colcon.colcon_parallel_executor.executor.parallel:closing loop
[1.088s] DEBUG:colcon.colcon_parallel_executor.executor.parallel:loop closed
[1.088s] DEBUG:colcon.colcon_parallel_executor.executor.parallel:run_until_complete finished with '0'
[1.088s] DEBUG:colcon.colcon_core.event_reactor:joining thread
[1.102s] INFO:colcon.colcon_core.plugin_system:Skipping extension 'colcon_notification.desktop_notification.terminal_notifier': Not used on non-Darwin systems
[1.103s] INFO:colcon.colcon_core.plugin_system:Skipping extension 'colcon_notification.desktop_notification.win32': Not used on non-Windows systems
[1.103s] INFO:colcon.colcon_notification.desktop_notification:Sending desktop notification using 'notify2'
[1.145s] DEBUG:colcon.colcon_core.event_reactor:joined thread
[1.146s] INFO:colcon.colcon_core.shell:Creating prefix script '/home/fvc/Desktop/robot_emblem/install/local_setup.ps1'
[1.148s] INFO:colcon.colcon_core.shell:Creating prefix util module '/home/fvc/Desktop/robot_emblem/install/_local_setup_util_ps1.py'
[1.150s] INFO:colcon.colcon_core.shell:Creating prefix chain script '/home/fvc/Desktop/robot_emblem/install/setup.ps1'
[1.153s] INFO:colcon.colcon_core.shell:Creating prefix script '/home/fvc/Desktop/robot_emblem/install/local_setup.sh'
[1.156s] INFO:colcon.colcon_core.shell:Creating prefix util module '/home/fvc/Desktop/robot_emblem/install/_local_setup_util_sh.py'
[1.159s] INFO:colcon.colcon_core.shell:Creating prefix chain script '/home/fvc/Desktop/robot_emblem/install/setup.sh'
[1.163s] INFO:colcon.colcon_core.shell:Creating prefix script '/home/fvc/Desktop/robot_emblem/install/local_setup.bash'
[1.165s] INFO:colcon.colcon_core.shell:Creating prefix chain script '/home/fvc/Desktop/robot_emblem/install/setup.bash'
[1.168s] INFO:colcon.colcon_core.shell:Creating prefix script '/home/fvc/Desktop/robot_emblem/install/local_setup.zsh'
[1.170s] INFO:colcon.colcon_core.shell:Creating prefix chain script '/home/fvc/Desktop/robot_emblem/install/setup.zsh'
