[0.164s] DEBUG:colcon:Command line arguments: ['/usr/bin/colcon', 'build']
[0.164s] DEBUG:colcon:Parsed command line arguments: Namespace(log_base=None, log_level=None, verb_name='build', build_base='build', install_base='install', merge_install=False, symlink_install=False, test_result_base=None, continue_on_error=False, executor='parallel', parallel_workers=2, event_handlers=None, ignore_user_meta=False, metas=['./colcon.meta'], base_paths=['.'], packages_ignore=None, packages_ignore_regex=None, paths=None, packages_up_to=None, packages_up_to_regex=None, packages_above=None, packages_above_and_dependencies=None, packages_above_depth=None, packages_select_by_dep=None, packages_skip_by_dep=None, packages_skip_up_to=None, packages_select_build_failed=False, packages_skip_build_finished=False, packages_select_test_failures=False, packages_skip_test_passed=False, packages_select=None, packages_skip=None, packages_select_regex=None, packages_skip_regex=None, packages_start=None, packages_end=None, allow_overriding=[], cmake_args=None, cmake_target=None, cmake_target_skip_unavailable=False, cmake_clean_cache=False, cmake_clean_first=False, cmake_force_configure=False, ament_cmake_args=None, catkin_cmake_args=None, catkin_skip_building_tests=False, verb_parser=<colcon_defaults.argument_parser.defaults.DefaultArgumentsDecorator object at 0x78099df23520>, verb_extension=<colcon_core.verb.build.BuildVerb object at 0x78099e0ccac0>, main=<bound method BuildVerb.main of <colcon_core.verb.build.BuildVerb object at 0x78099e0ccac0>>)
[0.357s] Level 1:colcon.colcon_core.package_discovery:discover_packages(colcon_meta) check parameters
[0.358s] Level 1:colcon.colcon_core.package_discovery:discover_packages(recursive) check parameters
[0.358s] Level 1:colcon.colcon_core.package_discovery:discover_packages(ignore) check parameters
[0.358s] Level 1:colcon.colcon_core.package_discovery:discover_packages(path) check parameters
[0.358s] Level 1:colcon.colcon_core.package_discovery:discover_packages(colcon_meta) discover
[0.358s] Level 1:colcon.colcon_core.package_discovery:discover_packages(recursive) discover
[0.358s] INFO:colcon.colcon_core.package_discovery:Crawling recursively for packages in '/home/fvc/emblem_ws'
[0.358s] Level 1:colcon.colcon_core.package_identification:_identify(.) by extensions ['ignore', 'ignore_ament_install']
[0.358s] Level 1:colcon.colcon_core.package_identification:_identify(.) by extension 'ignore'
[0.358s] Level 1:colcon.colcon_core.package_identification:_identify(.) by extension 'ignore_ament_install'
[0.358s] Level 1:colcon.colcon_core.package_identification:_identify(.) by extensions ['colcon_pkg']
[0.358s] Level 1:colcon.colcon_core.package_identification:_identify(.) by extension 'colcon_pkg'
[0.358s] Level 1:colcon.colcon_core.package_identification:_identify(.) by extensions ['colcon_meta']
[0.358s] Level 1:colcon.colcon_core.package_identification:_identify(.) by extension 'colcon_meta'
[0.358s] Level 1:colcon.colcon_core.package_identification:_identify(.) by extensions ['ros']
[0.358s] Level 1:colcon.colcon_core.package_identification:_identify(.) by extension 'ros'
[0.372s] Level 1:colcon.colcon_core.package_identification:_identify(.) by extensions ['cmake', 'python']
[0.372s] Level 1:colcon.colcon_core.package_identification:_identify(.) by extension 'cmake'
[0.372s] Level 1:colcon.colcon_core.package_identification:_identify(.) by extension 'python'
[0.372s] Level 1:colcon.colcon_core.package_identification:_identify(.) by extensions ['python_setup_py']
[0.372s] Level 1:colcon.colcon_core.package_identification:_identify(.) by extension 'python_setup_py'
[0.372s] Level 1:colcon.colcon_core.package_identification:_identify(build) by extensions ['ignore', 'ignore_ament_install']
[0.373s] Level 1:colcon.colcon_core.package_identification:_identify(build) by extension 'ignore'
[0.373s] Level 1:colcon.colcon_core.package_identification:_identify(build) ignored
[0.373s] Level 1:colcon.colcon_core.package_identification:_identify(install) by extensions ['ignore', 'ignore_ament_install']
[0.373s] Level 1:colcon.colcon_core.package_identification:_identify(install) by extension 'ignore'
[0.373s] Level 1:colcon.colcon_core.package_identification:_identify(install) ignored
[0.373s] Level 1:colcon.colcon_core.package_identification:_identify(log) by extensions ['ignore', 'ignore_ament_install']
[0.373s] Level 1:colcon.colcon_core.package_identification:_identify(log) by extension 'ignore'
[0.373s] Level 1:colcon.colcon_core.package_identification:_identify(log) ignored
[0.373s] Level 1:colcon.colcon_core.package_identification:_identify(src) by extensions ['ignore', 'ignore_ament_install']
[0.374s] Level 1:colcon.colcon_core.package_identification:_identify(src) by extension 'ignore'
[0.374s] Level 1:colcon.colcon_core.package_identification:_identify(src) by extension 'ignore_ament_install'
[0.374s] Level 1:colcon.colcon_core.package_identification:_identify(src) by extensions ['colcon_pkg']
[0.374s] Level 1:colcon.colcon_core.package_identification:_identify(src) by extension 'colcon_pkg'
[0.374s] Level 1:colcon.colcon_core.package_identification:_identify(src) by extensions ['colcon_meta']
[0.374s] Level 1:colcon.colcon_core.package_identification:_identify(src) by extension 'colcon_meta'
[0.374s] Level 1:colcon.colcon_core.package_identification:_identify(src) by extensions ['ros']
[0.374s] Level 1:colcon.colcon_core.package_identification:_identify(src) by extension 'ros'
[0.374s] Level 1:colcon.colcon_core.package_identification:_identify(src) by extensions ['cmake', 'python']
[0.374s] Level 1:colcon.colcon_core.package_identification:_identify(src) by extension 'cmake'
[0.374s] Level 1:colcon.colcon_core.package_identification:_identify(src) by extension 'python'
[0.374s] Level 1:colcon.colcon_core.package_identification:_identify(src) by extensions ['python_setup_py']
[0.374s] Level 1:colcon.colcon_core.package_identification:_identify(src) by extension 'python_setup_py'
[0.374s] Level 1:colcon.colcon_core.package_identification:_identify(src/robot_emblem) by extensions ['ignore', 'ignore_ament_install']
[0.374s] Level 1:colcon.colcon_core.package_identification:_identify(src/robot_emblem) by extension 'ignore'
[0.374s] Level 1:colcon.colcon_core.package_identification:_identify(src/robot_emblem) by extension 'ignore_ament_install'
[0.374s] Level 1:colcon.colcon_core.package_identification:_identify(src/robot_emblem) by extensions ['colcon_pkg']
[0.374s] Level 1:colcon.colcon_core.package_identification:_identify(src/robot_emblem) by extension 'colcon_pkg'
[0.375s] Level 1:colcon.colcon_core.package_identification:_identify(src/robot_emblem) by extensions ['colcon_meta']
[0.375s] Level 1:colcon.colcon_core.package_identification:_identify(src/robot_emblem) by extension 'colcon_meta'
[0.375s] Level 1:colcon.colcon_core.package_identification:_identify(src/robot_emblem) by extensions ['ros']
[0.375s] Level 1:colcon.colcon_core.package_identification:_identify(src/robot_emblem) by extension 'ros'
[0.377s] DEBUG:colcon.colcon_core.package_identification:Package 'src/robot_emblem' with type 'ros.ament_cmake' and name 'robot_emblem'
[0.377s] Level 1:colcon.colcon_core.package_discovery:discover_packages(recursive) using defaults
[0.378s] Level 1:colcon.colcon_core.package_discovery:discover_packages(ignore) discover
[0.378s] Level 1:colcon.colcon_core.package_discovery:discover_packages(ignore) using defaults
[0.378s] Level 1:colcon.colcon_core.package_discovery:discover_packages(path) discover
[0.378s] Level 1:colcon.colcon_core.package_discovery:discover_packages(path) using defaults
[0.398s] Level 1:colcon.colcon_core.package_discovery:discover_packages(prefix_path) check parameters
[0.398s] Level 1:colcon.colcon_core.package_discovery:discover_packages(prefix_path) discover
[0.401s] DEBUG:colcon.colcon_installed_package_information.package_discovery:Found 322 installed packages in /opt/ros/humble
[0.427s] Level 1:colcon.colcon_core.package_discovery:discover_packages(prefix_path) using defaults
[0.479s] Level 5:colcon.colcon_core.verb:set package 'robot_emblem' build argument 'cmake_args' from command line to 'None'
[0.480s] Level 5:colcon.colcon_core.verb:set package 'robot_emblem' build argument 'cmake_target' from command line to 'None'
[0.480s] Level 5:colcon.colcon_core.verb:set package 'robot_emblem' build argument 'cmake_target_skip_unavailable' from command line to 'False'
[0.480s] Level 5:colcon.colcon_core.verb:set package 'robot_emblem' build argument 'cmake_clean_cache' from command line to 'False'
[0.480s] Level 5:colcon.colcon_core.verb:set package 'robot_emblem' build argument 'cmake_clean_first' from command line to 'False'
[0.480s] Level 5:colcon.colcon_core.verb:set package 'robot_emblem' build argument 'cmake_force_configure' from command line to 'False'
[0.480s] Level 5:colcon.colcon_core.verb:set package 'robot_emblem' build argument 'ament_cmake_args' from command line to 'None'
[0.480s] Level 5:colcon.colcon_core.verb:set package 'robot_emblem' build argument 'catkin_cmake_args' from command line to 'None'
[0.480s] Level 5:colcon.colcon_core.verb:set package 'robot_emblem' build argument 'catkin_skip_building_tests' from command line to 'False'
[0.480s] DEBUG:colcon.colcon_core.verb:Building package 'robot_emblem' with the following arguments: {'ament_cmake_args': None, 'build_base': '/home/fvc/emblem_ws/build/robot_emblem', 'catkin_cmake_args': None, 'catkin_skip_building_tests': False, 'cmake_args': None, 'cmake_clean_cache': False, 'cmake_clean_first': False, 'cmake_force_configure': False, 'cmake_target': None, 'cmake_target_skip_unavailable': False, 'install_base': '/home/fvc/emblem_ws/install/robot_emblem', 'merge_install': False, 'path': '/home/fvc/emblem_ws/src/robot_emblem', 'symlink_install': False, 'test_result_base': None}
[0.481s] INFO:colcon.colcon_core.executor:Executing jobs using 'parallel' executor
[0.483s] DEBUG:colcon.colcon_parallel_executor.executor.parallel:run_until_complete
[0.484s] INFO:colcon.colcon_ros.task.ament_cmake.build:Building ROS package in '/home/fvc/emblem_ws/src/robot_emblem' with build type 'ament_cmake'
[0.484s] INFO:colcon.colcon_cmake.task.cmake.build:Building CMake package in '/home/fvc/emblem_ws/src/robot_emblem'
[0.488s] INFO:colcon.colcon_core.plugin_system:Skipping extension 'colcon_core.shell.bat': Not used on non-Windows systems
[0.489s] INFO:colcon.colcon_core.shell:Skip shell extension 'powershell' for command environment: Not usable outside of PowerShell
[0.489s] DEBUG:colcon.colcon_core.shell:Skip shell extension 'dsv' for command environment
[0.504s] DEBUG:colcon.colcon_core.event_handler.log_command:Invoking command in '/home/fvc/emblem_ws/build/robot_emblem': CMAKE_PREFIX_PATH=/opt/ros/humble /usr/bin/cmake --build /home/fvc/emblem_ws/build/robot_emblem -- -j2 -l2
[7.841s] Level 1:colcon.colcon_core.environment:create_environment_scripts_only(robot_emblem)
[7.842s] DEBUG:colcon.colcon_core.event_handler.log_command:Invoked command in '/home/fvc/emblem_ws/build/robot_emblem' returned '2': CMAKE_PREFIX_PATH=/opt/ros/humble /usr/bin/cmake --build /home/fvc/emblem_ws/build/robot_emblem -- -j2 -l2
[7.849s] Level 1:colcon.colcon_core.environment:checking '/home/fvc/emblem_ws/install/robot_emblem' for CMake module files
[7.855s] Level 1:colcon.colcon_core.environment:checking '/home/fvc/emblem_ws/install/robot_emblem' for CMake config files
[7.856s] Level 1:colcon.colcon_core.shell:create_environment_hook('robot_emblem', 'cmake_prefix_path')
[7.856s] INFO:colcon.colcon_core.shell:Creating environment hook '/home/fvc/emblem_ws/install/robot_emblem/share/robot_emblem/hook/cmake_prefix_path.ps1'
[7.857s] INFO:colcon.colcon_core.shell:Creating environment descriptor '/home/fvc/emblem_ws/install/robot_emblem/share/robot_emblem/hook/cmake_prefix_path.dsv'
[7.857s] INFO:colcon.colcon_core.shell:Creating environment hook '/home/fvc/emblem_ws/install/robot_emblem/share/robot_emblem/hook/cmake_prefix_path.sh'
[7.859s] Level 1:colcon.colcon_core.environment:checking '/home/fvc/emblem_ws/install/robot_emblem/lib'
[7.859s] Level 1:colcon.colcon_core.environment:checking '/home/fvc/emblem_ws/install/robot_emblem/bin'
[7.859s] Level 1:colcon.colcon_core.environment:checking '/home/fvc/emblem_ws/install/robot_emblem/lib/pkgconfig/robot_emblem.pc'
[7.859s] Level 1:colcon.colcon_core.environment:checking '/home/fvc/emblem_ws/install/robot_emblem/lib/python3.10/site-packages'
[7.859s] Level 1:colcon.colcon_core.environment:checking '/home/fvc/emblem_ws/install/robot_emblem/bin'
[7.860s] INFO:colcon.colcon_core.shell:Creating package script '/home/fvc/emblem_ws/install/robot_emblem/share/robot_emblem/package.ps1'
[7.862s] INFO:colcon.colcon_core.shell:Creating package descriptor '/home/fvc/emblem_ws/install/robot_emblem/share/robot_emblem/package.dsv'
[7.863s] INFO:colcon.colcon_core.shell:Creating package script '/home/fvc/emblem_ws/install/robot_emblem/share/robot_emblem/package.sh'
[7.864s] INFO:colcon.colcon_core.shell:Creating package script '/home/fvc/emblem_ws/install/robot_emblem/share/robot_emblem/package.bash'
[7.866s] INFO:colcon.colcon_core.shell:Creating package script '/home/fvc/emblem_ws/install/robot_emblem/share/robot_emblem/package.zsh'
[7.867s] Level 1:colcon.colcon_core.environment:create_file_with_runtime_dependencies(/home/fvc/emblem_ws/install/robot_emblem/share/colcon-core/packages/robot_emblem)
[7.869s] DEBUG:colcon.colcon_parallel_executor.executor.parallel:closing loop
[7.871s] DEBUG:colcon.colcon_parallel_executor.executor.parallel:loop closed
[7.871s] DEBUG:colcon.colcon_parallel_executor.executor.parallel:run_until_complete finished with '2'
[7.871s] DEBUG:colcon.colcon_core.event_reactor:joining thread
[7.880s] INFO:colcon.colcon_core.plugin_system:Skipping extension 'colcon_notification.desktop_notification.terminal_notifier': Not used on non-Darwin systems
[7.884s] INFO:colcon.colcon_core.plugin_system:Skipping extension 'colcon_notification.desktop_notification.win32': Not used on non-Windows systems
[7.884s] INFO:colcon.colcon_notification.desktop_notification:Sending desktop notification using 'notify2'
[7.910s] DEBUG:colcon.colcon_core.event_reactor:joined thread
[7.910s] INFO:colcon.colcon_core.shell:Creating prefix script '/home/fvc/emblem_ws/install/local_setup.ps1'
[7.913s] INFO:colcon.colcon_core.shell:Creating prefix util module '/home/fvc/emblem_ws/install/_local_setup_util_ps1.py'
[7.916s] INFO:colcon.colcon_core.shell:Creating prefix chain script '/home/fvc/emblem_ws/install/setup.ps1'
[7.919s] INFO:colcon.colcon_core.shell:Creating prefix script '/home/fvc/emblem_ws/install/local_setup.sh'
[7.920s] INFO:colcon.colcon_core.shell:Creating prefix util module '/home/fvc/emblem_ws/install/_local_setup_util_sh.py'
[7.922s] INFO:colcon.colcon_core.shell:Creating prefix chain script '/home/fvc/emblem_ws/install/setup.sh'
[7.925s] INFO:colcon.colcon_core.shell:Creating prefix script '/home/fvc/emblem_ws/install/local_setup.bash'
[7.926s] INFO:colcon.colcon_core.shell:Creating prefix chain script '/home/fvc/emblem_ws/install/setup.bash'
[7.929s] INFO:colcon.colcon_core.shell:Creating prefix script '/home/fvc/emblem_ws/install/local_setup.zsh'
[7.931s] INFO:colcon.colcon_core.shell:Creating prefix chain script '/home/fvc/emblem_ws/install/setup.zsh'
