[35m[1mConsolidate compiler generated dependencies of target map_node[0m
[ 50%] [32mBuilding CXX object CMakeFiles/map_node.dir/src/core/map.cpp.o[0m
[100%] [32m[1mLinking CXX executable map_node[0m
[100%] Built target map_node
-- Install configuration: ""
-- Execute custom install script
-- Symlinking: /home/fvc/emblem_ws/install/robot_emblem/lib/robot_emblem/map_node
-- Symlinking: /home/fvc/emblem_ws/install/robot_emblem/share/ament_index/resource_index/package_run_dependencies/robot_emblem
-- Symlinking: /home/fvc/emblem_ws/install/robot_emblem/share/ament_index/resource_index/parent_prefix_path/robot_emblem
-- Symlinking: /home/fvc/emblem_ws/install/robot_emblem/share/robot_emblem/environment/ament_prefix_path.sh
-- Symlinking: /home/fvc/emblem_ws/install/robot_emblem/share/robot_emblem/environment/ament_prefix_path.dsv
-- Symlinking: /home/fvc/emblem_ws/install/robot_emblem/share/robot_emblem/environment/path.sh
-- Symlinking: /home/fvc/emblem_ws/install/robot_emblem/share/robot_emblem/environment/path.dsv
-- Symlinking: /home/fvc/emblem_ws/install/robot_emblem/share/robot_emblem/local_setup.bash
-- Symlinking: /home/fvc/emblem_ws/install/robot_emblem/share/robot_emblem/local_setup.sh
-- Symlinking: /home/fvc/emblem_ws/install/robot_emblem/share/robot_emblem/local_setup.zsh
-- Symlinking: /home/fvc/emblem_ws/install/robot_emblem/share/robot_emblem/local_setup.dsv
-- Symlinking: /home/fvc/emblem_ws/install/robot_emblem/share/robot_emblem/package.dsv
-- Symlinking: /home/fvc/emblem_ws/install/robot_emblem/share/ament_index/resource_index/packages/robot_emblem
-- Symlinking: /home/fvc/emblem_ws/install/robot_emblem/share/robot_emblem/cmake/robot_emblemConfig.cmake
-- Symlinking: /home/fvc/emblem_ws/install/robot_emblem/share/robot_emblem/cmake/robot_emblemConfig-version.cmake
-- Symlinking: /home/fvc/emblem_ws/install/robot_emblem/share/robot_emblem/package.xml
