[0.041s] Invoking command in '/home/fvc/Desktop/robot_emblem/build/robot_emblem': CMAKE_PREFIX_PATH=${CMAKE_PREFIX_PATH}:/opt/ros/humble /usr/bin/cmake --build /home/fvc/Desktop/robot_emblem/build/robot_emblem -- -j2 -l2
[0.216s] [ 50%] Built target map_loader_node
[0.239s] [100%] Built target unit_manager_node
[0.267s] Invoked command in '/home/fvc/Desktop/robot_emblem/build/robot_emblem' returned '0': CMAKE_PREFIX_PATH=${CMAKE_PREFIX_PATH}:/opt/ros/humble /usr/bin/cmake --build /home/fvc/Desktop/robot_emblem/build/robot_emblem -- -j2 -l2
[0.273s] Invoking command in '/home/fvc/Desktop/robot_emblem/build/robot_emblem': CMAKE_PREFIX_PATH=${CMAKE_PREFIX_PATH}:/opt/ros/humble /usr/bin/cmake --install /home/fvc/Desktop/robot_emblem/build/robot_emblem
[0.281s] -- Install configuration: ""
[0.281s] -- Up-to-date: /home/fvc/Desktop/robot_emblem/install/robot_emblem/share/robot_emblem/launch
[0.282s] -- Installing: /home/fvc/Desktop/robot_emblem/install/robot_emblem/share/robot_emblem/launch/demo.launch.py
[0.282s] -- Up-to-date: /home/fvc/Desktop/robot_emblem/install/robot_emblem/share/robot_emblem/maps
[0.282s] -- Up-to-date: /home/fvc/Desktop/robot_emblem/install/robot_emblem/share/robot_emblem/maps/demo_map.yaml
[0.282s] -- Up-to-date: /home/fvc/Desktop/robot_emblem/install/robot_emblem/lib/robot_emblem/map_loader_node
[0.284s] -- Up-to-date: /home/fvc/Desktop/robot_emblem/install/robot_emblem/lib/robot_emblem/unit_manager_node
[0.285s] -- Up-to-date: /home/fvc/Desktop/robot_emblem/install/robot_emblem/share/ament_index/resource_index/package_run_dependencies/robot_emblem
[0.285s] -- Up-to-date: /home/fvc/Desktop/robot_emblem/install/robot_emblem/share/ament_index/resource_index/parent_prefix_path/robot_emblem
[0.285s] -- Up-to-date: /home/fvc/Desktop/robot_emblem/install/robot_emblem/share/robot_emblem/environment/ament_prefix_path.sh
[0.285s] -- Up-to-date: /home/fvc/Desktop/robot_emblem/install/robot_emblem/share/robot_emblem/environment/ament_prefix_path.dsv
[0.285s] -- Up-to-date: /home/fvc/Desktop/robot_emblem/install/robot_emblem/share/robot_emblem/environment/path.sh
[0.286s] -- Up-to-date: /home/fvc/Desktop/robot_emblem/install/robot_emblem/share/robot_emblem/environment/path.dsv
[0.286s] -- Up-to-date: /home/fvc/Desktop/robot_emblem/install/robot_emblem/share/robot_emblem/local_setup.bash
[0.286s] -- Up-to-date: /home/fvc/Desktop/robot_emblem/install/robot_emblem/share/robot_emblem/local_setup.sh
[0.286s] -- Up-to-date: /home/fvc/Desktop/robot_emblem/install/robot_emblem/share/robot_emblem/local_setup.zsh
[0.286s] -- Up-to-date: /home/fvc/Desktop/robot_emblem/install/robot_emblem/share/robot_emblem/local_setup.dsv
[0.286s] -- Installing: /home/fvc/Desktop/robot_emblem/install/robot_emblem/share/robot_emblem/package.dsv
[0.289s] -- Up-to-date: /home/fvc/Desktop/robot_emblem/install/robot_emblem/share/ament_index/resource_index/packages/robot_emblem
[0.289s] -- Up-to-date: /home/fvc/Desktop/robot_emblem/install/robot_emblem/share/robot_emblem/cmake/robot_emblemConfig.cmake
[0.289s] -- Up-to-date: /home/fvc/Desktop/robot_emblem/install/robot_emblem/share/robot_emblem/cmake/robot_emblemConfig-version.cmake
[0.290s] -- Up-to-date: /home/fvc/Desktop/robot_emblem/install/robot_emblem/share/robot_emblem/package.xml
[0.291s] Invoked command in '/home/fvc/Desktop/robot_emblem/build/robot_emblem' returned '0': CMAKE_PREFIX_PATH=${CMAKE_PREFIX_PATH}:/opt/ros/humble /usr/bin/cmake --install /home/fvc/Desktop/robot_emblem/build/robot_emblem
