[0.229s] DEBUG:colcon:Command line arguments: ['/usr/bin/colcon', 'build']
[0.229s] DEBUG:colcon:Parsed command line arguments: Namespace(log_base=None, log_level=None, verb_name='build', build_base='build', install_base='install', merge_install=False, symlink_install=False, test_result_base=None, continue_on_error=False, executor='parallel', parallel_workers=2, event_handlers=None, ignore_user_meta=False, metas=['./colcon.meta'], base_paths=['.'], packages_ignore=None, packages_ignore_regex=None, paths=None, packages_up_to=None, packages_up_to_regex=None, packages_above=None, packages_above_and_dependencies=None, packages_above_depth=None, packages_select_by_dep=None, packages_skip_by_dep=None, packages_skip_up_to=None, packages_select_build_failed=False, packages_skip_build_finished=False, packages_select_test_failures=False, packages_skip_test_passed=False, packages_select=None, packages_skip=None, packages_select_regex=None, packages_skip_regex=None, packages_start=None, packages_end=None, allow_overriding=[], cmake_args=None, cmake_target=None, cmake_target_skip_unavailable=False, cmake_clean_cache=False, cmake_clean_first=False, cmake_force_configure=False, ament_cmake_args=None, catkin_cmake_args=None, catkin_skip_building_tests=False, verb_parser=<colcon_defaults.argument_parser.defaults.DefaultArgumentsDecorator object at 0x769ed103b3d0>, verb_extension=<colcon_core.verb.build.BuildVerb object at 0x769ed11747f0>, main=<bound method BuildVerb.main of <colcon_core.verb.build.BuildVerb object at 0x769ed11747f0>>)
[0.649s] Level 1:colcon.colcon_core.package_discovery:discover_packages(colcon_meta) check parameters
[0.649s] Level 1:colcon.colcon_core.package_discovery:discover_packages(recursive) check parameters
[0.649s] Level 1:colcon.colcon_core.package_discovery:discover_packages(ignore) check parameters
[0.649s] Level 1:colcon.colcon_core.package_discovery:discover_packages(path) check parameters
[0.649s] Level 1:colcon.colcon_core.package_discovery:discover_packages(colcon_meta) discover
[0.649s] Level 1:colcon.colcon_core.package_discovery:discover_packages(recursive) discover
[0.649s] INFO:colcon.colcon_core.package_discovery:Crawling recursively for packages in '/home/fvc/Desktop/robot_emblem'
[0.650s] Level 1:colcon.colcon_core.package_identification:_identify(.) by extensions ['ignore', 'ignore_ament_install']
[0.650s] Level 1:colcon.colcon_core.package_identification:_identify(.) by extension 'ignore'
[0.650s] Level 1:colcon.colcon_core.package_identification:_identify(.) by extension 'ignore_ament_install'
[0.650s] Level 1:colcon.colcon_core.package_identification:_identify(.) by extensions ['colcon_pkg']
[0.650s] Level 1:colcon.colcon_core.package_identification:_identify(.) by extension 'colcon_pkg'
[0.650s] Level 1:colcon.colcon_core.package_identification:_identify(.) by extensions ['colcon_meta']
[0.650s] Level 1:colcon.colcon_core.package_identification:_identify(.) by extension 'colcon_meta'
[0.650s] Level 1:colcon.colcon_core.package_identification:_identify(.) by extensions ['ros']
[0.650s] Level 1:colcon.colcon_core.package_identification:_identify(.) by extension 'ros'
[0.664s] Level 1:colcon.colcon_core.package_identification:_identify(.) by extensions ['cmake', 'python']
[0.664s] Level 1:colcon.colcon_core.package_identification:_identify(.) by extension 'cmake'
[0.664s] Level 1:colcon.colcon_core.package_identification:_identify(.) by extension 'python'
[0.664s] Level 1:colcon.colcon_core.package_identification:_identify(.) by extensions ['python_setup_py']
[0.664s] Level 1:colcon.colcon_core.package_identification:_identify(.) by extension 'python_setup_py'
[0.664s] Level 1:colcon.colcon_core.package_identification:_identify(build) by extensions ['ignore', 'ignore_ament_install']
[0.664s] Level 1:colcon.colcon_core.package_identification:_identify(build) by extension 'ignore'
[0.665s] Level 1:colcon.colcon_core.package_identification:_identify(build) ignored
[0.665s] Level 1:colcon.colcon_core.package_identification:_identify(install) by extensions ['ignore', 'ignore_ament_install']
[0.665s] Level 1:colcon.colcon_core.package_identification:_identify(install) by extension 'ignore'
[0.665s] Level 1:colcon.colcon_core.package_identification:_identify(install) ignored
[0.665s] Level 1:colcon.colcon_core.package_identification:_identify(log) by extensions ['ignore', 'ignore_ament_install']
[0.665s] Level 1:colcon.colcon_core.package_identification:_identify(log) by extension 'ignore'
[0.665s] Level 1:colcon.colcon_core.package_identification:_identify(log) ignored
[0.665s] Level 1:colcon.colcon_core.package_identification:_identify(src) by extensions ['ignore', 'ignore_ament_install']
[0.665s] Level 1:colcon.colcon_core.package_identification:_identify(src) by extension 'ignore'
[0.665s] Level 1:colcon.colcon_core.package_identification:_identify(src) by extension 'ignore_ament_install'
[0.665s] Level 1:colcon.colcon_core.package_identification:_identify(src) by extensions ['colcon_pkg']
[0.665s] Level 1:colcon.colcon_core.package_identification:_identify(src) by extension 'colcon_pkg'
[0.665s] Level 1:colcon.colcon_core.package_identification:_identify(src) by extensions ['colcon_meta']
[0.665s] Level 1:colcon.colcon_core.package_identification:_identify(src) by extension 'colcon_meta'
[0.665s] Level 1:colcon.colcon_core.package_identification:_identify(src) by extensions ['ros']
[0.665s] Level 1:colcon.colcon_core.package_identification:_identify(src) by extension 'ros'
[0.665s] Level 1:colcon.colcon_core.package_identification:_identify(src) by extensions ['cmake', 'python']
[0.665s] Level 1:colcon.colcon_core.package_identification:_identify(src) by extension 'cmake'
[0.665s] Level 1:colcon.colcon_core.package_identification:_identify(src) by extension 'python'
[0.665s] Level 1:colcon.colcon_core.package_identification:_identify(src) by extensions ['python_setup_py']
[0.665s] Level 1:colcon.colcon_core.package_identification:_identify(src) by extension 'python_setup_py'
[0.665s] Level 1:colcon.colcon_core.package_identification:_identify(src/robot_emblem) by extensions ['ignore', 'ignore_ament_install']
[0.666s] Level 1:colcon.colcon_core.package_identification:_identify(src/robot_emblem) by extension 'ignore'
[0.666s] Level 1:colcon.colcon_core.package_identification:_identify(src/robot_emblem) by extension 'ignore_ament_install'
[0.666s] Level 1:colcon.colcon_core.package_identification:_identify(src/robot_emblem) by extensions ['colcon_pkg']
[0.666s] Level 1:colcon.colcon_core.package_identification:_identify(src/robot_emblem) by extension 'colcon_pkg'
[0.666s] Level 1:colcon.colcon_core.package_identification:_identify(src/robot_emblem) by extensions ['colcon_meta']
[0.666s] Level 1:colcon.colcon_core.package_identification:_identify(src/robot_emblem) by extension 'colcon_meta'
[0.666s] Level 1:colcon.colcon_core.package_identification:_identify(src/robot_emblem) by extensions ['ros']
[0.666s] Level 1:colcon.colcon_core.package_identification:_identify(src/robot_emblem) by extension 'ros'
[0.669s] DEBUG:colcon.colcon_core.package_identification:Package 'src/robot_emblem' with type 'ros.ament_cmake' and name 'robot_emblem'
[0.669s] Level 1:colcon.colcon_core.package_identification:_identify(src/robot_emblem_description) by extensions ['ignore', 'ignore_ament_install']
[0.669s] Level 1:colcon.colcon_core.package_identification:_identify(src/robot_emblem_description) by extension 'ignore'
[0.669s] Level 1:colcon.colcon_core.package_identification:_identify(src/robot_emblem_description) by extension 'ignore_ament_install'
[0.669s] Level 1:colcon.colcon_core.package_identification:_identify(src/robot_emblem_description) by extensions ['colcon_pkg']
[0.669s] Level 1:colcon.colcon_core.package_identification:_identify(src/robot_emblem_description) by extension 'colcon_pkg'
[0.669s] Level 1:colcon.colcon_core.package_identification:_identify(src/robot_emblem_description) by extensions ['colcon_meta']
[0.669s] Level 1:colcon.colcon_core.package_identification:_identify(src/robot_emblem_description) by extension 'colcon_meta'
[0.669s] Level 1:colcon.colcon_core.package_identification:_identify(src/robot_emblem_description) by extensions ['ros']
[0.669s] Level 1:colcon.colcon_core.package_identification:_identify(src/robot_emblem_description) by extension 'ros'
[0.671s] DEBUG:colcon.colcon_core.package_identification:Package 'src/robot_emblem_description' with type 'ros.ament_cmake' and name 'robot_emblem_description'
[0.671s] Level 1:colcon.colcon_core.package_discovery:discover_packages(recursive) using defaults
[0.671s] Level 1:colcon.colcon_core.package_discovery:discover_packages(ignore) discover
[0.671s] Level 1:colcon.colcon_core.package_discovery:discover_packages(ignore) using defaults
[0.671s] Level 1:colcon.colcon_core.package_discovery:discover_packages(path) discover
[0.671s] Level 1:colcon.colcon_core.package_discovery:discover_packages(path) using defaults
[0.697s] Level 1:colcon.colcon_core.package_discovery:discover_packages(prefix_path) check parameters
[0.697s] Level 1:colcon.colcon_core.package_discovery:discover_packages(prefix_path) discover
[0.703s] DEBUG:colcon.colcon_installed_package_information.package_discovery:Found 2 installed packages in /home/fvc/Desktop/robot_emblem/install
[0.706s] DEBUG:colcon.colcon_installed_package_information.package_discovery:Found 272 installed packages in /opt/ros/humble
[0.708s] Level 1:colcon.colcon_core.package_discovery:discover_packages(prefix_path) using defaults
[0.755s] Level 5:colcon.colcon_core.verb:set package 'robot_emblem' build argument 'cmake_args' from command line to 'None'
[0.755s] Level 5:colcon.colcon_core.verb:set package 'robot_emblem' build argument 'cmake_target' from command line to 'None'
[0.755s] Level 5:colcon.colcon_core.verb:set package 'robot_emblem' build argument 'cmake_target_skip_unavailable' from command line to 'False'
[0.755s] Level 5:colcon.colcon_core.verb:set package 'robot_emblem' build argument 'cmake_clean_cache' from command line to 'False'
[0.755s] Level 5:colcon.colcon_core.verb:set package 'robot_emblem' build argument 'cmake_clean_first' from command line to 'False'
[0.755s] Level 5:colcon.colcon_core.verb:set package 'robot_emblem' build argument 'cmake_force_configure' from command line to 'False'
[0.755s] Level 5:colcon.colcon_core.verb:set package 'robot_emblem' build argument 'ament_cmake_args' from command line to 'None'
[0.755s] Level 5:colcon.colcon_core.verb:set package 'robot_emblem' build argument 'catkin_cmake_args' from command line to 'None'
[0.755s] Level 5:colcon.colcon_core.verb:set package 'robot_emblem' build argument 'catkin_skip_building_tests' from command line to 'False'
[0.756s] DEBUG:colcon.colcon_core.verb:Building package 'robot_emblem' with the following arguments: {'ament_cmake_args': None, 'build_base': '/home/fvc/Desktop/robot_emblem/build/robot_emblem', 'catkin_cmake_args': None, 'catkin_skip_building_tests': False, 'cmake_args': None, 'cmake_clean_cache': False, 'cmake_clean_first': False, 'cmake_force_configure': False, 'cmake_target': None, 'cmake_target_skip_unavailable': False, 'install_base': '/home/fvc/Desktop/robot_emblem/install/robot_emblem', 'merge_install': False, 'path': '/home/fvc/Desktop/robot_emblem/src/robot_emblem', 'symlink_install': False, 'test_result_base': None}
[0.756s] Level 5:colcon.colcon_core.verb:set package 'robot_emblem_description' build argument 'cmake_args' from command line to 'None'
[0.756s] Level 5:colcon.colcon_core.verb:set package 'robot_emblem_description' build argument 'cmake_target' from command line to 'None'
[0.756s] Level 5:colcon.colcon_core.verb:set package 'robot_emblem_description' build argument 'cmake_target_skip_unavailable' from command line to 'False'
[0.756s] Level 5:colcon.colcon_core.verb:set package 'robot_emblem_description' build argument 'cmake_clean_cache' from command line to 'False'
[0.756s] Level 5:colcon.colcon_core.verb:set package 'robot_emblem_description' build argument 'cmake_clean_first' from command line to 'False'
[0.756s] Level 5:colcon.colcon_core.verb:set package 'robot_emblem_description' build argument 'cmake_force_configure' from command line to 'False'
[0.756s] Level 5:colcon.colcon_core.verb:set package 'robot_emblem_description' build argument 'ament_cmake_args' from command line to 'None'
[0.756s] Level 5:colcon.colcon_core.verb:set package 'robot_emblem_description' build argument 'catkin_cmake_args' from command line to 'None'
[0.756s] Level 5:colcon.colcon_core.verb:set package 'robot_emblem_description' build argument 'catkin_skip_building_tests' from command line to 'False'
[0.756s] DEBUG:colcon.colcon_core.verb:Building package 'robot_emblem_description' with the following arguments: {'ament_cmake_args': None, 'build_base': '/home/fvc/Desktop/robot_emblem/build/robot_emblem_description', 'catkin_cmake_args': None, 'catkin_skip_building_tests': False, 'cmake_args': None, 'cmake_clean_cache': False, 'cmake_clean_first': False, 'cmake_force_configure': False, 'cmake_target': None, 'cmake_target_skip_unavailable': False, 'install_base': '/home/fvc/Desktop/robot_emblem/install/robot_emblem_description', 'merge_install': False, 'path': '/home/fvc/Desktop/robot_emblem/src/robot_emblem_description', 'symlink_install': False, 'test_result_base': None}
[0.756s] INFO:colcon.colcon_core.executor:Executing jobs using 'parallel' executor
[0.758s] DEBUG:colcon.colcon_parallel_executor.executor.parallel:run_until_complete
[0.758s] INFO:colcon.colcon_ros.task.ament_cmake.build:Building ROS package in '/home/fvc/Desktop/robot_emblem/src/robot_emblem' with build type 'ament_cmake'
[0.759s] INFO:colcon.colcon_cmake.task.cmake.build:Building CMake package in '/home/fvc/Desktop/robot_emblem/src/robot_emblem'
[0.775s] INFO:colcon.colcon_core.plugin_system:Skipping extension 'colcon_core.shell.bat': Not used on non-Windows systems
[0.775s] INFO:colcon.colcon_core.shell:Skip shell extension 'powershell' for command environment: Not usable outside of PowerShell
[0.775s] DEBUG:colcon.colcon_core.shell:Skip shell extension 'dsv' for command environment
[0.789s] INFO:colcon.colcon_ros.task.ament_cmake.build:Building ROS package in '/home/fvc/Desktop/robot_emblem/src/robot_emblem_description' with build type 'ament_cmake'
[0.789s] INFO:colcon.colcon_cmake.task.cmake.build:Building CMake package in '/home/fvc/Desktop/robot_emblem/src/robot_emblem_description'
[0.790s] INFO:colcon.colcon_core.shell:Skip shell extension 'powershell' for command environment: Not usable outside of PowerShell
[0.792s] DEBUG:colcon.colcon_core.shell:Skip shell extension 'dsv' for command environment
[0.813s] DEBUG:colcon.colcon_core.event_handler.log_command:Invoking command in '/home/fvc/Desktop/robot_emblem/build/robot_emblem': CMAKE_PREFIX_PATH=${CMAKE_PREFIX_PATH}:/opt/ros/humble /usr/bin/cmake --build /home/fvc/Desktop/robot_emblem/build/robot_emblem -- -j2 -l2
[0.856s] DEBUG:colcon.colcon_core.event_handler.log_command:Invoking command in '/home/fvc/Desktop/robot_emblem/build/robot_emblem_description': CMAKE_PREFIX_PATH=${CMAKE_PREFIX_PATH}:/opt/ros/humble /usr/bin/cmake --build /home/fvc/Desktop/robot_emblem/build/robot_emblem_description -- -j2 -l2
[1.069s] DEBUG:colcon.colcon_core.event_handler.log_command:Invoked command in '/home/fvc/Desktop/robot_emblem/build/robot_emblem_description' returned '0': CMAKE_PREFIX_PATH=${CMAKE_PREFIX_PATH}:/opt/ros/humble /usr/bin/cmake --build /home/fvc/Desktop/robot_emblem/build/robot_emblem_description -- -j2 -l2
[1.094s] DEBUG:colcon.colcon_core.event_handler.log_command:Invoking command in '/home/fvc/Desktop/robot_emblem/build/robot_emblem_description': CMAKE_PREFIX_PATH=${CMAKE_PREFIX_PATH}:/opt/ros/humble /usr/bin/cmake --install /home/fvc/Desktop/robot_emblem/build/robot_emblem_description
[1.123s] Level 1:colcon.colcon_core.environment:create_environment_scripts_only(robot_emblem_description)
[1.123s] DEBUG:colcon.colcon_core.event_handler.log_command:Invoked command in '/home/fvc/Desktop/robot_emblem/build/robot_emblem_description' returned '0': CMAKE_PREFIX_PATH=${CMAKE_PREFIX_PATH}:/opt/ros/humble /usr/bin/cmake --install /home/fvc/Desktop/robot_emblem/build/robot_emblem_description
[1.144s] Level 1:colcon.colcon_core.environment:checking '/home/fvc/Desktop/robot_emblem/install/robot_emblem_description' for CMake module files
[1.145s] Level 1:colcon.colcon_core.environment:checking '/home/fvc/Desktop/robot_emblem/install/robot_emblem_description' for CMake config files
[1.145s] Level 1:colcon.colcon_core.shell:create_environment_hook('robot_emblem_description', 'cmake_prefix_path')
[1.146s] INFO:colcon.colcon_core.shell:Creating environment hook '/home/fvc/Desktop/robot_emblem/install/robot_emblem_description/share/robot_emblem_description/hook/cmake_prefix_path.ps1'
[1.149s] INFO:colcon.colcon_core.shell:Creating environment descriptor '/home/fvc/Desktop/robot_emblem/install/robot_emblem_description/share/robot_emblem_description/hook/cmake_prefix_path.dsv'
[1.149s] INFO:colcon.colcon_core.shell:Creating environment hook '/home/fvc/Desktop/robot_emblem/install/robot_emblem_description/share/robot_emblem_description/hook/cmake_prefix_path.sh'
[1.156s] Level 1:colcon.colcon_core.environment:checking '/home/fvc/Desktop/robot_emblem/install/robot_emblem_description/bin'
[1.156s] Level 1:colcon.colcon_core.environment:checking '/home/fvc/Desktop/robot_emblem/install/robot_emblem_description/lib/pkgconfig/robot_emblem_description.pc'
[1.156s] Level 1:colcon.colcon_core.environment:checking '/home/fvc/Desktop/robot_emblem/install/robot_emblem_description/lib/python3.10/site-packages'
[1.156s] Level 1:colcon.colcon_core.environment:checking '/home/fvc/Desktop/robot_emblem/install/robot_emblem_description/bin'
[1.157s] INFO:colcon.colcon_core.shell:Creating package script '/home/fvc/Desktop/robot_emblem/install/robot_emblem_description/share/robot_emblem_description/package.ps1'
[1.160s] INFO:colcon.colcon_core.shell:Creating package descriptor '/home/fvc/Desktop/robot_emblem/install/robot_emblem_description/share/robot_emblem_description/package.dsv'
[1.162s] INFO:colcon.colcon_core.shell:Creating package script '/home/fvc/Desktop/robot_emblem/install/robot_emblem_description/share/robot_emblem_description/package.sh'
[1.164s] INFO:colcon.colcon_core.shell:Creating package script '/home/fvc/Desktop/robot_emblem/install/robot_emblem_description/share/robot_emblem_description/package.bash'
[1.166s] INFO:colcon.colcon_core.shell:Creating package script '/home/fvc/Desktop/robot_emblem/install/robot_emblem_description/share/robot_emblem_description/package.zsh'
[1.168s] Level 1:colcon.colcon_core.environment:create_file_with_runtime_dependencies(/home/fvc/Desktop/robot_emblem/install/robot_emblem_description/share/colcon-core/packages/robot_emblem_description)
[1.172s] Level 1:colcon.colcon_core.environment:create_environment_scripts_only(robot_emblem_description)
[1.173s] Level 1:colcon.colcon_core.environment:checking '/home/fvc/Desktop/robot_emblem/install/robot_emblem_description' for CMake module files
[1.174s] Level 1:colcon.colcon_core.environment:checking '/home/fvc/Desktop/robot_emblem/install/robot_emblem_description' for CMake config files
[1.175s] Level 1:colcon.colcon_core.shell:create_environment_hook('robot_emblem_description', 'cmake_prefix_path')
[1.176s] INFO:colcon.colcon_core.shell:Creating environment hook '/home/fvc/Desktop/robot_emblem/install/robot_emblem_description/share/robot_emblem_description/hook/cmake_prefix_path.ps1'
[1.177s] INFO:colcon.colcon_core.shell:Creating environment descriptor '/home/fvc/Desktop/robot_emblem/install/robot_emblem_description/share/robot_emblem_description/hook/cmake_prefix_path.dsv'
[1.180s] INFO:colcon.colcon_core.shell:Creating environment hook '/home/fvc/Desktop/robot_emblem/install/robot_emblem_description/share/robot_emblem_description/hook/cmake_prefix_path.sh'
[1.181s] Level 1:colcon.colcon_core.environment:checking '/home/fvc/Desktop/robot_emblem/install/robot_emblem_description/bin'
[1.181s] Level 1:colcon.colcon_core.environment:checking '/home/fvc/Desktop/robot_emblem/install/robot_emblem_description/lib/pkgconfig/robot_emblem_description.pc'
[1.181s] Level 1:colcon.colcon_core.environment:checking '/home/fvc/Desktop/robot_emblem/install/robot_emblem_description/lib/python3.10/site-packages'
[1.181s] Level 1:colcon.colcon_core.environment:checking '/home/fvc/Desktop/robot_emblem/install/robot_emblem_description/bin'
[1.182s] INFO:colcon.colcon_core.shell:Creating package script '/home/fvc/Desktop/robot_emblem/install/robot_emblem_description/share/robot_emblem_description/package.ps1'
[1.186s] INFO:colcon.colcon_core.shell:Creating package descriptor '/home/fvc/Desktop/robot_emblem/install/robot_emblem_description/share/robot_emblem_description/package.dsv'
[1.188s] INFO:colcon.colcon_core.shell:Creating package script '/home/fvc/Desktop/robot_emblem/install/robot_emblem_description/share/robot_emblem_description/package.sh'
[1.190s] INFO:colcon.colcon_core.shell:Creating package script '/home/fvc/Desktop/robot_emblem/install/robot_emblem_description/share/robot_emblem_description/package.bash'
[1.192s] INFO:colcon.colcon_core.shell:Creating package script '/home/fvc/Desktop/robot_emblem/install/robot_emblem_description/share/robot_emblem_description/package.zsh'
[1.195s] Level 1:colcon.colcon_core.environment:create_file_with_runtime_dependencies(/home/fvc/Desktop/robot_emblem/install/robot_emblem_description/share/colcon-core/packages/robot_emblem_description)
[11.659s] DEBUG:colcon.colcon_core.event_handler.log_command:Invoked command in '/home/fvc/Desktop/robot_emblem/build/robot_emblem' returned '0': CMAKE_PREFIX_PATH=${CMAKE_PREFIX_PATH}:/opt/ros/humble /usr/bin/cmake --build /home/fvc/Desktop/robot_emblem/build/robot_emblem -- -j2 -l2
[11.661s] DEBUG:colcon.colcon_core.event_handler.log_command:Invoking command in '/home/fvc/Desktop/robot_emblem/build/robot_emblem': CMAKE_PREFIX_PATH=${CMAKE_PREFIX_PATH}:/opt/ros/humble /usr/bin/cmake --install /home/fvc/Desktop/robot_emblem/build/robot_emblem
[11.685s] Level 1:colcon.colcon_core.environment:create_environment_scripts_only(robot_emblem)
[11.685s] Level 1:colcon.colcon_core.environment:checking '/home/fvc/Desktop/robot_emblem/install/robot_emblem' for CMake module files
[11.685s] Level 1:colcon.colcon_core.environment:checking '/home/fvc/Desktop/robot_emblem/install/robot_emblem' for CMake config files
[11.686s] Level 1:colcon.colcon_core.shell:create_environment_hook('robot_emblem', 'cmake_prefix_path')
[11.686s] INFO:colcon.colcon_core.shell:Creating environment hook '/home/fvc/Desktop/robot_emblem/install/robot_emblem/share/robot_emblem/hook/cmake_prefix_path.ps1'
[11.686s] INFO:colcon.colcon_core.shell:Creating environment descriptor '/home/fvc/Desktop/robot_emblem/install/robot_emblem/share/robot_emblem/hook/cmake_prefix_path.dsv'
[11.686s] DEBUG:colcon.colcon_core.event_handler.log_command:Invoked command in '/home/fvc/Desktop/robot_emblem/build/robot_emblem' returned '0': CMAKE_PREFIX_PATH=${CMAKE_PREFIX_PATH}:/opt/ros/humble /usr/bin/cmake --install /home/fvc/Desktop/robot_emblem/build/robot_emblem
[11.687s] INFO:colcon.colcon_core.shell:Creating environment hook '/home/fvc/Desktop/robot_emblem/install/robot_emblem/share/robot_emblem/hook/cmake_prefix_path.sh'
[11.687s] Level 1:colcon.colcon_core.environment:checking '/home/fvc/Desktop/robot_emblem/install/robot_emblem/lib'
[11.688s] Level 1:colcon.colcon_core.environment:checking '/home/fvc/Desktop/robot_emblem/install/robot_emblem/bin'
[11.688s] Level 1:colcon.colcon_core.environment:checking '/home/fvc/Desktop/robot_emblem/install/robot_emblem/lib/pkgconfig/robot_emblem.pc'
[11.688s] Level 1:colcon.colcon_core.environment:checking '/home/fvc/Desktop/robot_emblem/install/robot_emblem/lib/python3.10/site-packages'
[11.688s] Level 1:colcon.colcon_core.environment:checking '/home/fvc/Desktop/robot_emblem/install/robot_emblem/bin'
[11.688s] INFO:colcon.colcon_core.shell:Creating package script '/home/fvc/Desktop/robot_emblem/install/robot_emblem/share/robot_emblem/package.ps1'
[11.689s] INFO:colcon.colcon_core.shell:Creating package descriptor '/home/fvc/Desktop/robot_emblem/install/robot_emblem/share/robot_emblem/package.dsv'
[11.689s] INFO:colcon.colcon_core.shell:Creating package script '/home/fvc/Desktop/robot_emblem/install/robot_emblem/share/robot_emblem/package.sh'
[11.690s] INFO:colcon.colcon_core.shell:Creating package script '/home/fvc/Desktop/robot_emblem/install/robot_emblem/share/robot_emblem/package.bash'
[11.690s] INFO:colcon.colcon_core.shell:Creating package script '/home/fvc/Desktop/robot_emblem/install/robot_emblem/share/robot_emblem/package.zsh'
[11.690s] Level 1:colcon.colcon_core.environment:create_file_with_runtime_dependencies(/home/fvc/Desktop/robot_emblem/install/robot_emblem/share/colcon-core/packages/robot_emblem)
[11.691s] Level 1:colcon.colcon_core.environment:create_environment_scripts_only(robot_emblem)
[11.691s] Level 1:colcon.colcon_core.environment:checking '/home/fvc/Desktop/robot_emblem/install/robot_emblem' for CMake module files
[11.692s] Level 1:colcon.colcon_core.environment:checking '/home/fvc/Desktop/robot_emblem/install/robot_emblem' for CMake config files
[11.692s] Level 1:colcon.colcon_core.shell:create_environment_hook('robot_emblem', 'cmake_prefix_path')
[11.692s] INFO:colcon.colcon_core.shell:Creating environment hook '/home/fvc/Desktop/robot_emblem/install/robot_emblem/share/robot_emblem/hook/cmake_prefix_path.ps1'
[11.693s] INFO:colcon.colcon_core.shell:Creating environment descriptor '/home/fvc/Desktop/robot_emblem/install/robot_emblem/share/robot_emblem/hook/cmake_prefix_path.dsv'
[11.693s] INFO:colcon.colcon_core.shell:Creating environment hook '/home/fvc/Desktop/robot_emblem/install/robot_emblem/share/robot_emblem/hook/cmake_prefix_path.sh'
[11.694s] Level 1:colcon.colcon_core.environment:checking '/home/fvc/Desktop/robot_emblem/install/robot_emblem/lib'
[11.694s] Level 1:colcon.colcon_core.environment:checking '/home/fvc/Desktop/robot_emblem/install/robot_emblem/bin'
[11.694s] Level 1:colcon.colcon_core.environment:checking '/home/fvc/Desktop/robot_emblem/install/robot_emblem/lib/pkgconfig/robot_emblem.pc'
[11.694s] Level 1:colcon.colcon_core.environment:checking '/home/fvc/Desktop/robot_emblem/install/robot_emblem/lib/python3.10/site-packages'
[11.694s] Level 1:colcon.colcon_core.environment:checking '/home/fvc/Desktop/robot_emblem/install/robot_emblem/bin'
[11.694s] INFO:colcon.colcon_core.shell:Creating package script '/home/fvc/Desktop/robot_emblem/install/robot_emblem/share/robot_emblem/package.ps1'
[11.695s] INFO:colcon.colcon_core.shell:Creating package descriptor '/home/fvc/Desktop/robot_emblem/install/robot_emblem/share/robot_emblem/package.dsv'
[11.695s] INFO:colcon.colcon_core.shell:Creating package script '/home/fvc/Desktop/robot_emblem/install/robot_emblem/share/robot_emblem/package.sh'
[11.695s] INFO:colcon.colcon_core.shell:Creating package script '/home/fvc/Desktop/robot_emblem/install/robot_emblem/share/robot_emblem/package.bash'
[11.696s] INFO:colcon.colcon_core.shell:Creating package script '/home/fvc/Desktop/robot_emblem/install/robot_emblem/share/robot_emblem/package.zsh'
[11.698s] Level 1:colcon.colcon_core.environment:create_file_with_runtime_dependencies(/home/fvc/Desktop/robot_emblem/install/robot_emblem/share/colcon-core/packages/robot_emblem)
[11.700s] DEBUG:colcon.colcon_parallel_executor.executor.parallel:closing loop
[11.700s] DEBUG:colcon.colcon_parallel_executor.executor.parallel:loop closed
[11.700s] DEBUG:colcon.colcon_parallel_executor.executor.parallel:run_until_complete finished with '0'
[11.700s] DEBUG:colcon.colcon_core.event_reactor:joining thread
[11.707s] INFO:colcon.colcon_core.plugin_system:Skipping extension 'colcon_notification.desktop_notification.terminal_notifier': Not used on non-Darwin systems
[11.707s] INFO:colcon.colcon_core.plugin_system:Skipping extension 'colcon_notification.desktop_notification.win32': Not used on non-Windows systems
[11.707s] INFO:colcon.colcon_notification.desktop_notification:Sending desktop notification using 'notify2'
[11.734s] DEBUG:colcon.colcon_core.event_reactor:joined thread
[11.734s] INFO:colcon.colcon_core.shell:Creating prefix script '/home/fvc/Desktop/robot_emblem/install/local_setup.ps1'
[11.735s] INFO:colcon.colcon_core.shell:Creating prefix util module '/home/fvc/Desktop/robot_emblem/install/_local_setup_util_ps1.py'
[11.739s] INFO:colcon.colcon_core.shell:Creating prefix chain script '/home/fvc/Desktop/robot_emblem/install/setup.ps1'
[11.742s] INFO:colcon.colcon_core.shell:Creating prefix script '/home/fvc/Desktop/robot_emblem/install/local_setup.sh'
[11.744s] INFO:colcon.colcon_core.shell:Creating prefix util module '/home/fvc/Desktop/robot_emblem/install/_local_setup_util_sh.py'
[11.745s] INFO:colcon.colcon_core.shell:Creating prefix chain script '/home/fvc/Desktop/robot_emblem/install/setup.sh'
[11.746s] INFO:colcon.colcon_core.shell:Creating prefix script '/home/fvc/Desktop/robot_emblem/install/local_setup.bash'
[11.748s] INFO:colcon.colcon_core.shell:Creating prefix chain script '/home/fvc/Desktop/robot_emblem/install/setup.bash'
[11.749s] INFO:colcon.colcon_core.shell:Creating prefix script '/home/fvc/Desktop/robot_emblem/install/local_setup.zsh'
[11.751s] INFO:colcon.colcon_core.shell:Creating prefix chain script '/home/fvc/Desktop/robot_emblem/install/setup.zsh'
