[0.038s] Invoking command in '/home/fvc/Desktop/robot_emblem/build/robot_emblem': CMAKE_PREFIX_PATH=/opt/ros/humble /usr/bin/cmake --build /home/fvc/Desktop/robot_emblem/build/robot_emblem -- -j2 -l2
[0.124s] -- Found ament_cmake: 1.3.12 (/opt/ros/humble/share/ament_cmake/cmake)
[0.395s] -- Found rclcpp: 16.0.14 (/opt/ros/humble/share/rclcpp/cmake)
[0.495s] -- Found rosidl_generator_c: 3.1.7 (/opt/ros/humble/share/rosidl_generator_c/cmake)
[0.500s] -- Found rosidl_adapter: 3.1.7 (/opt/ros/humble/share/rosidl_adapter/cmake)
[0.520s] -- Found rosidl_generator_cpp: 3.1.7 (/opt/ros/humble/share/rosidl_generator_cpp/cmake)
[0.542s] -- Using all available rosidl_typesupport_c: rosidl_typesupport_fastrtps_c;rosidl_typesupport_introspection_c
[0.571s] -- Using all available rosidl_typesupport_cpp: rosidl_typesupport_fastrtps_cpp;rosidl_typesupport_introspection_cpp
[0.648s] -- Found rmw_implementation_cmake: 6.1.2 (/opt/ros/humble/share/rmw_implementation_cmake/cmake)
[0.659s] -- Found rmw_fastrtps_cpp: 6.2.8 (/opt/ros/humble/share/rmw_fastrtps_cpp/cmake)
[0.796s] -- Using RMW implementation 'rmw_fastrtps_cpp' as default
[0.895s] -- Found visualization_msgs: 4.9.0 (/opt/ros/humble/share/visualization_msgs/cmake)
[0.973s] -- Found tf2_ros: 0.25.16 (/opt/ros/humble/share/tf2_ros/cmake)
[1.131s] -- Found ament_lint_auto: 0.12.14 (/opt/ros/humble/share/ament_lint_auto/cmake)
[1.236s] -- Added test 'cppcheck' to perform static code analysis on C / C++ code
[1.236s] -- Configured cppcheck include dirs: $<BUILD_INTERFACE:/home/fvc/Desktop/robot_emblem/src/robot_emblem/include>
[1.236s] -- Configured cppcheck exclude dirs and/or files: 
[1.236s] -- Added test 'flake8' to check Python code syntax and style conventions
[1.237s] -- Added test 'lint_cmake' to check CMake code style
[1.239s] -- Added test 'pep257' to check Python code against some of the docstring style conventions in PEP 257
[1.244s] -- Added test 'uncrustify' to check C / C++ code style
[1.244s] -- Configured uncrustify additional arguments: 
[1.245s] -- Added test 'xmllint' to check XML markup files
[1.251s] -- Configuring done
[1.300s] -- Generating done
[1.309s] -- Build files have been written to: /home/fvc/Desktop/robot_emblem/build/robot_emblem
[1.364s] [35m[1mConsolidate compiler generated dependencies of target map_loader_node[0m
[1.366s] [35m[1mConsolidate compiler generated dependencies of target unit_manager_node[0m
[1.398s] [ 25%] [32mBuilding CXX object CMakeFiles/unit_manager_node.dir/src/core/unit_manager_node.cpp.o[0m
[1.410s] [ 75%] Built target map_loader_node
[1.777s] [01m[K/home/fvc/Desktop/robot_emblem/src/robot_emblem/src/core/unit_manager_node.cpp:8:10:[m[K [01;31m[Kfatal error: [m[Krclcpp/sync_parameters_client.hpp: No such file or directory
[1.778s]     8 | #include [01;31m[K<rclcpp/sync_parameters_client.hpp>[m[K
[1.778s]       |          [01;31m[K^~~~~~~~~~~~~~~~~~~~~~~~~~~~~~~~~~~[m[K
[1.778s] compilation terminated.
[1.782s] gmake[2]: *** [CMakeFiles/unit_manager_node.dir/build.make:76: CMakeFiles/unit_manager_node.dir/src/core/unit_manager_node.cpp.o] Error 1
[1.783s] gmake[1]: *** [CMakeFiles/Makefile2:165: CMakeFiles/unit_manager_node.dir/all] Error 2
[1.783s] gmake: *** [Makefile:146: all] Error 2
[1.787s] Invoked command in '/home/fvc/Desktop/robot_emblem/build/robot_emblem' returned '2': CMAKE_PREFIX_PATH=/opt/ros/humble /usr/bin/cmake --build /home/fvc/Desktop/robot_emblem/build/robot_emblem -- -j2 -l2
