[0.034s] Invoking command in '/home/fvc/Desktop/robot_emblem/build/robot_emblem_description': CMAKE_PREFIX_PATH=/opt/ros/humble /usr/bin/cmake --build /home/fvc/Desktop/robot_emblem/build/robot_emblem_description -- -j2 -l2
[0.151s] Invoked command in '/home/fvc/Desktop/robot_emblem/build/robot_emblem_description' returned '0': CMAKE_PREFIX_PATH=/opt/ros/humble /usr/bin/cmake --build /home/fvc/Desktop/robot_emblem/build/robot_emblem_description -- -j2 -l2
[0.172s] Invoking command in '/home/fvc/Desktop/robot_emblem/build/robot_emblem_description': CMAKE_PREFIX_PATH=/opt/ros/humble /usr/bin/cmake --install /home/fvc/Desktop/robot_emblem/build/robot_emblem_description
[0.203s] -- Install configuration: ""
[0.204s] -- Up-to-date: /home/fvc/Desktop/robot_emblem/install/robot_emblem_description/share/robot_emblem_description/urdf
[0.205s] -- Up-to-date: /home/fvc/Desktop/robot_emblem/install/robot_emblem_description/share/robot_emblem_description/urdf/enemy.urdf.xacro
[0.205s] -- Up-to-date: /home/fvc/Desktop/robot_emblem/install/robot_emblem_description/share/robot_emblem_description/urdf/fe_unit.urdf.xacro
[0.205s] -- Up-to-date: /home/fvc/Desktop/robot_emblem/install/robot_emblem_description/share/robot_emblem_description/launch
[0.205s] -- Up-to-date: /home/fvc/Desktop/robot_emblem/install/robot_emblem_description/share/ament_index/resource_index/package_run_dependencies/robot_emblem_description
[0.205s] -- Up-to-date: /home/fvc/Desktop/robot_emblem/install/robot_emblem_description/share/ament_index/resource_index/parent_prefix_path/robot_emblem_description
[0.208s] -- Up-to-date: /home/fvc/Desktop/robot_emblem/install/robot_emblem_description/share/robot_emblem_description/environment/ament_prefix_path.sh
[0.208s] -- Up-to-date: /home/fvc/Desktop/robot_emblem/install/robot_emblem_description/share/robot_emblem_description/environment/ament_prefix_path.dsv
[0.208s] -- Up-to-date: /home/fvc/Desktop/robot_emblem/install/robot_emblem_description/share/robot_emblem_description/environment/path.sh
[0.212s] -- Up-to-date: /home/fvc/Desktop/robot_emblem/install/robot_emblem_description/share/robot_emblem_description/environment/path.dsv
[0.212s] -- Up-to-date: /home/fvc/Desktop/robot_emblem/install/robot_emblem_description/share/robot_emblem_description/local_setup.bash
[0.212s] -- Up-to-date: /home/fvc/Desktop/robot_emblem/install/robot_emblem_description/share/robot_emblem_description/local_setup.sh
[0.212s] -- Up-to-date: /home/fvc/Desktop/robot_emblem/install/robot_emblem_description/share/robot_emblem_description/local_setup.zsh
[0.212s] -- Up-to-date: /home/fvc/Desktop/robot_emblem/install/robot_emblem_description/share/robot_emblem_description/local_setup.dsv
[0.212s] -- Installing: /home/fvc/Desktop/robot_emblem/install/robot_emblem_description/share/robot_emblem_description/package.dsv
[0.212s] -- Up-to-date: /home/fvc/Desktop/robot_emblem/install/robot_emblem_description/share/ament_index/resource_index/packages/robot_emblem_description
[0.215s] -- Up-to-date: /home/fvc/Desktop/robot_emblem/install/robot_emblem_description/share/robot_emblem_description/cmake/robot_emblem_descriptionConfig.cmake
[0.215s] -- Up-to-date: /home/fvc/Desktop/robot_emblem/install/robot_emblem_description/share/robot_emblem_description/cmake/robot_emblem_descriptionConfig-version.cmake
[0.215s] -- Up-to-date: /home/fvc/Desktop/robot_emblem/install/robot_emblem_description/share/robot_emblem_description/package.xml
[0.224s] Invoked command in '/home/fvc/Desktop/robot_emblem/build/robot_emblem_description' returned '0': CMAKE_PREFIX_PATH=/opt/ros/humble /usr/bin/cmake --install /home/fvc/Desktop/robot_emblem/build/robot_emblem_description
