[35m[1mConsolidate compiler generated dependencies of target unit_manager_node[0m
[ 50%] Built target map_loader_node
[100%] Built target unit_manager_node
-- Install configuration: ""
-- Up-to-date: /home/fvc/Desktop/robot_emblem/install/robot_emblem/share/robot_emblem/launch
-- Installing: /home/fvc/Desktop/robot_emblem/install/robot_emblem/share/robot_emblem/launch/demo.launch.py
-- Up-to-date: /home/fvc/Desktop/robot_emblem/install/robot_emblem/share/robot_emblem/maps
-- Up-to-date: /home/fvc/Desktop/robot_emblem/install/robot_emblem/share/robot_emblem/maps/demo_map.yaml
-- Up-to-date: /home/fvc/Desktop/robot_emblem/install/robot_emblem/lib/robot_emblem/map_loader_node
-- Up-to-date: /home/fvc/Desktop/robot_emblem/install/robot_emblem/lib/robot_emblem/unit_manager_node
-- Up-to-date: /home/fvc/Desktop/robot_emblem/install/robot_emblem/share/ament_index/resource_index/package_run_dependencies/robot_emblem
-- Up-to-date: /home/fvc/Desktop/robot_emblem/install/robot_emblem/share/ament_index/resource_index/parent_prefix_path/robot_emblem
-- Up-to-date: /home/fvc/Desktop/robot_emblem/install/robot_emblem/share/robot_emblem/environment/ament_prefix_path.sh
-- Up-to-date: /home/fvc/Desktop/robot_emblem/install/robot_emblem/share/robot_emblem/environment/ament_prefix_path.dsv
-- Up-to-date: /home/fvc/Desktop/robot_emblem/install/robot_emblem/share/robot_emblem/environment/path.sh
-- Up-to-date: /home/fvc/Desktop/robot_emblem/install/robot_emblem/share/robot_emblem/environment/path.dsv
-- Up-to-date: /home/fvc/Desktop/robot_emblem/install/robot_emblem/share/robot_emblem/local_setup.bash
-- Up-to-date: /home/fvc/Desktop/robot_emblem/install/robot_emblem/share/robot_emblem/local_setup.sh
-- Up-to-date: /home/fvc/Desktop/robot_emblem/install/robot_emblem/share/robot_emblem/local_setup.zsh
-- Up-to-date: /home/fvc/Desktop/robot_emblem/install/robot_emblem/share/robot_emblem/local_setup.dsv
-- Installing: /home/fvc/Desktop/robot_emblem/install/robot_emblem/share/robot_emblem/package.dsv
-- Up-to-date: /home/fvc/Desktop/robot_emblem/install/robot_emblem/share/ament_index/resource_index/packages/robot_emblem
-- Up-to-date: /home/fvc/Desktop/robot_emblem/install/robot_emblem/share/robot_emblem/cmake/robot_emblemConfig.cmake
-- Up-to-date: /home/fvc/Desktop/robot_emblem/install/robot_emblem/share/robot_emblem/cmake/robot_emblemConfig-version.cmake
-- Up-to-date: /home/fvc/Desktop/robot_emblem/install/robot_emblem/share/robot_emblem/package.xml
