[0.030s] Invoking command in '/home/fvc/Desktop/robot_emblem/build/robot_emblem_description': CMAKE_PREFIX_PATH=/opt/ros/humble /usr/bin/cmake --build /home/fvc/Desktop/robot_emblem/build/robot_emblem_description -- -j2 -l2
[0.202s] Invoked command in '/home/fvc/Desktop/robot_emblem/build/robot_emblem_description' returned '0': CMAKE_PREFIX_PATH=/opt/ros/humble /usr/bin/cmake --build /home/fvc/Desktop/robot_emblem/build/robot_emblem_description -- -j2 -l2
[0.254s] Invoking command in '/home/fvc/Desktop/robot_emblem/build/robot_emblem_description': CMAKE_PREFIX_PATH=/opt/ros/humble /usr/bin/cmake --install /home/fvc/Desktop/robot_emblem/build/robot_emblem_description
[0.278s] -- Install configuration: ""
[0.284s] -- Up-to-date: /home/fvc/Desktop/robot_emblem/install/robot_emblem_description/share/robot_emblem_description/urdf
[0.284s] -- Up-to-date: /home/fvc/Desktop/robot_emblem/install/robot_emblem_description/share/robot_emblem_description/urdf/enemy.urdf.xacro
[0.284s] -- Up-to-date: /home/fvc/Desktop/robot_emblem/install/robot_emblem_description/share/robot_emblem_description/urdf/fe_unit.urdf.xacro
[0.284s] -- Up-to-date: /home/fvc/Desktop/robot_emblem/install/robot_emblem_description/share/robot_emblem_description/launch
[0.284s] -- Up-to-date: /home/fvc/Desktop/robot_emblem/install/robot_emblem_description/share/ament_index/resource_index/package_run_dependencies/robot_emblem_description
[0.285s] -- Up-to-date: /home/fvc/Desktop/robot_emblem/install/robot_emblem_description/share/ament_index/resource_index/parent_prefix_path/robot_emblem_description
[0.285s] -- Up-to-date: /home/fvc/Desktop/robot_emblem/install/robot_emblem_description/share/robot_emblem_description/environment/ament_prefix_path.sh
[0.285s] -- Up-to-date: /home/fvc/Desktop/robot_emblem/install/robot_emblem_description/share/robot_emblem_description/environment/ament_prefix_path.dsv
[0.285s] -- Up-to-date: /home/fvc/Desktop/robot_emblem/install/robot_emblem_description/share/robot_emblem_description/environment/path.sh
[0.286s] -- Up-to-date: /home/fvc/Desktop/robot_emblem/install/robot_emblem_description/share/robot_emblem_description/environment/path.dsv
[0.286s] -- Up-to-date: /home/fvc/Desktop/robot_emblem/install/robot_emblem_description/share/robot_emblem_description/local_setup.bash
[0.286s] -- Up-to-date: /home/fvc/Desktop/robot_emblem/install/robot_emblem_description/share/robot_emblem_description/local_setup.sh
[0.286s] -- Up-to-date: /home/fvc/Desktop/robot_emblem/install/robot_emblem_description/share/robot_emblem_description/local_setup.zsh
[0.286s] -- Up-to-date: /home/fvc/Desktop/robot_emblem/install/robot_emblem_description/share/robot_emblem_description/local_setup.dsv
[0.286s] -- Installing: /home/fvc/Desktop/robot_emblem/install/robot_emblem_description/share/robot_emblem_description/package.dsv
[0.287s] -- Up-to-date: /home/fvc/Desktop/robot_emblem/install/robot_emblem_description/share/ament_index/resource_index/packages/robot_emblem_description
[0.291s] -- Up-to-date: /home/fvc/Desktop/robot_emblem/install/robot_emblem_description/share/robot_emblem_description/cmake/robot_emblem_descriptionConfig.cmake
[0.291s] -- Up-to-date: /home/fvc/Desktop/robot_emblem/install/robot_emblem_description/share/robot_emblem_description/cmake/robot_emblem_descriptionConfig-version.cmake
[0.291s] -- Up-to-date: /home/fvc/Desktop/robot_emblem/install/robot_emblem_description/share/robot_emblem_description/package.xml
[0.307s] Invoked command in '/home/fvc/Desktop/robot_emblem/build/robot_emblem_description' returned '0': CMAKE_PREFIX_PATH=/opt/ros/humble /usr/bin/cmake --install /home/fvc/Desktop/robot_emblem/build/robot_emblem_description
