[0.224s] Invoking command in '/home/fvc/Desktop/robot_emblem/build/robot_emblem_description': CMAKE_PREFIX_PATH=${CMAKE_PREFIX_PATH}:/opt/ros/humble /usr/bin/cmake --build /home/fvc/Desktop/robot_emblem/build/robot_emblem_description -- -j2 -l2
[1.221s] -- Found ament_cmake: 1.3.12 (/opt/ros/humble/share/ament_cmake/cmake)
[2.606s] -- Found ament_lint_auto: 0.12.14 (/opt/ros/humble/share/ament_lint_auto/cmake)
[3.126s] -- Added test 'lint_cmake' to check CMake code style
[3.159s] -- Added test 'xmllint' to check XML markup files
[3.191s] -- Configuring done
[3.321s] -- Generating done
[3.358s] -- Build files have been written to: /home/fvc/Desktop/robot_emblem/build/robot_emblem_description
[3.712s] Invoked command in '/home/fvc/Desktop/robot_emblem/build/robot_emblem_description' returned '0': CMAKE_PREFIX_PATH=${CMAKE_PREFIX_PATH}:/opt/ros/humble /usr/bin/cmake --build /home/fvc/Desktop/robot_emblem/build/robot_emblem_description -- -j2 -l2
[3.943s] Invoking command in '/home/fvc/Desktop/robot_emblem/build/robot_emblem_description': CMAKE_PREFIX_PATH=${CMAKE_PREFIX_PATH}:/opt/ros/humble /usr/bin/cmake --install /home/fvc/Desktop/robot_emblem/build/robot_emblem_description
[4.117s] -- Install configuration: ""
[4.131s] -- Up-to-date: /home/fvc/Desktop/robot_emblem/install/robot_emblem_description/share/robot_emblem_description/urdf
[4.132s] -- Installing: /home/fvc/Desktop/robot_emblem/install/robot_emblem_description/share/robot_emblem_description/urdf/enemy.xacro
[4.145s] -- Up-to-date: /home/fvc/Desktop/robot_emblem/install/robot_emblem_description/share/robot_emblem_description/urdf/fe_unit.urdf.xacro
[4.145s] -- Up-to-date: /home/fvc/Desktop/robot_emblem/install/robot_emblem_description/share/robot_emblem_description/launch
[4.145s] -- Up-to-date: /home/fvc/Desktop/robot_emblem/install/robot_emblem_description/share/ament_index/resource_index/package_run_dependencies/robot_emblem_description
[4.146s] -- Up-to-date: /home/fvc/Desktop/robot_emblem/install/robot_emblem_description/share/ament_index/resource_index/parent_prefix_path/robot_emblem_description
[4.146s] -- Up-to-date: /home/fvc/Desktop/robot_emblem/install/robot_emblem_description/share/robot_emblem_description/environment/ament_prefix_path.sh
[4.146s] -- Installing: /home/fvc/Desktop/robot_emblem/install/robot_emblem_description/share/robot_emblem_description/environment/ament_prefix_path.dsv
[4.153s] -- Up-to-date: /home/fvc/Desktop/robot_emblem/install/robot_emblem_description/share/robot_emblem_description/environment/path.sh
[4.154s] -- Installing: /home/fvc/Desktop/robot_emblem/install/robot_emblem_description/share/robot_emblem_description/environment/path.dsv
[4.161s] -- Up-to-date: /home/fvc/Desktop/robot_emblem/install/robot_emblem_description/share/robot_emblem_description/local_setup.bash
[4.161s] -- Up-to-date: /home/fvc/Desktop/robot_emblem/install/robot_emblem_description/share/robot_emblem_description/local_setup.sh
[4.168s] -- Up-to-date: /home/fvc/Desktop/robot_emblem/install/robot_emblem_description/share/robot_emblem_description/local_setup.zsh
[4.170s] -- Installing: /home/fvc/Desktop/robot_emblem/install/robot_emblem_description/share/robot_emblem_description/local_setup.dsv
[4.178s] -- Installing: /home/fvc/Desktop/robot_emblem/install/robot_emblem_description/share/robot_emblem_description/package.dsv
[4.186s] -- Up-to-date: /home/fvc/Desktop/robot_emblem/install/robot_emblem_description/share/ament_index/resource_index/packages/robot_emblem_description
[4.186s] -- Up-to-date: /home/fvc/Desktop/robot_emblem/install/robot_emblem_description/share/robot_emblem_description/cmake/robot_emblem_descriptionConfig.cmake
[4.186s] -- Up-to-date: /home/fvc/Desktop/robot_emblem/install/robot_emblem_description/share/robot_emblem_description/cmake/robot_emblem_descriptionConfig-version.cmake
[4.199s] -- Up-to-date: /home/fvc/Desktop/robot_emblem/install/robot_emblem_description/share/robot_emblem_description/package.xml
[4.220s] Invoked command in '/home/fvc/Desktop/robot_emblem/build/robot_emblem_description' returned '0': CMAKE_PREFIX_PATH=${CMAKE_PREFIX_PATH}:/opt/ros/humble /usr/bin/cmake --install /home/fvc/Desktop/robot_emblem/build/robot_emblem_description
