[35m[1mConsolidate compiler generated dependencies of target map_loader_node[0m
[ 50%] [32mBuilding CXX object CMakeFiles/map_loader_node.dir/src/core/map_loader_node.cpp.o[0m
[100%] [32m[1mLinking CXX executable map_loader_node[0m
[100%] Built target map_loader_node
-- Install configuration: ""
-- Execute custom install script
-- Symlinking: /home/fvc/emblem_ws/install/robot_emblem/lib/robot_emblem/map_loader_node
-- Up-to-date symlink: /home/fvc/emblem_ws/install/robot_emblem/share/ament_index/resource_index/package_run_dependencies/robot_emblem
-- Up-to-date symlink: /home/fvc/emblem_ws/install/robot_emblem/share/ament_index/resource_index/parent_prefix_path/robot_emblem
-- Up-to-date symlink: /home/fvc/emblem_ws/install/robot_emblem/share/robot_emblem/environment/ament_prefix_path.sh
-- Up-to-date symlink: /home/fvc/emblem_ws/install/robot_emblem/share/robot_emblem/environment/ament_prefix_path.dsv
-- Up-to-date symlink: /home/fvc/emblem_ws/install/robot_emblem/share/robot_emblem/environment/path.sh
-- Up-to-date symlink: /home/fvc/emblem_ws/install/robot_emblem/share/robot_emblem/environment/path.dsv
-- Up-to-date symlink: /home/fvc/emblem_ws/install/robot_emblem/share/robot_emblem/local_setup.bash
-- Up-to-date symlink: /home/fvc/emblem_ws/install/robot_emblem/share/robot_emblem/local_setup.sh
-- Up-to-date symlink: /home/fvc/emblem_ws/install/robot_emblem/share/robot_emblem/local_setup.zsh
-- Up-to-date symlink: /home/fvc/emblem_ws/install/robot_emblem/share/robot_emblem/local_setup.dsv
-- Symlinking: /home/fvc/emblem_ws/install/robot_emblem/share/robot_emblem/package.dsv
-- Up-to-date symlink: /home/fvc/emblem_ws/install/robot_emblem/share/ament_index/resource_index/packages/robot_emblem
-- Up-to-date symlink: /home/fvc/emblem_ws/install/robot_emblem/share/robot_emblem/cmake/robot_emblemConfig.cmake
-- Up-to-date symlink: /home/fvc/emblem_ws/install/robot_emblem/share/robot_emblem/cmake/robot_emblemConfig-version.cmake
-- Up-to-date symlink: /home/fvc/emblem_ws/install/robot_emblem/share/robot_emblem/package.xml
