[0.017s] Invoking command in '/home/fvc/emblem_ws/build/robot_emblem': CMAKE_PREFIX_PATH=/opt/ros/humble /usr/bin/cmake --build /home/fvc/emblem_ws/build/robot_emblem -- -j2 -l2
[0.155s] [35m[1mConsolidate compiler generated dependencies of target map_loader_node[0m
[0.204s] [ 50%] [32mBuilding CXX object CMakeFiles/map_loader_node.dir/src/core/map_loader_node.cpp.o[0m
[9.147s] [100%] [32m[1mLinking CXX executable map_loader_node[0m
[9.478s] [100%] Built target map_loader_node
[9.507s] Invoked command in '/home/fvc/emblem_ws/build/robot_emblem' returned '0': CMAKE_PREFIX_PATH=/opt/ros/humble /usr/bin/cmake --build /home/fvc/emblem_ws/build/robot_emblem -- -j2 -l2
[9.541s] Invoking command in '/home/fvc/emblem_ws/build/robot_emblem': CMAKE_PREFIX_PATH=/opt/ros/humble /usr/bin/cmake --install /home/fvc/emblem_ws/build/robot_emblem
[9.560s] -- Install configuration: ""
[9.561s] -- Execute custom install script
[9.566s] -- Symlinking: /home/fvc/emblem_ws/install/robot_emblem/lib/robot_emblem/map_loader_node
[9.582s] -- Up-to-date symlink: /home/fvc/emblem_ws/install/robot_emblem/share/ament_index/resource_index/package_run_dependencies/robot_emblem
[9.582s] -- Up-to-date symlink: /home/fvc/emblem_ws/install/robot_emblem/share/ament_index/resource_index/parent_prefix_path/robot_emblem
[9.583s] -- Up-to-date symlink: /home/fvc/emblem_ws/install/robot_emblem/share/robot_emblem/environment/ament_prefix_path.sh
[9.583s] -- Up-to-date symlink: /home/fvc/emblem_ws/install/robot_emblem/share/robot_emblem/environment/ament_prefix_path.dsv
[9.584s] -- Up-to-date symlink: /home/fvc/emblem_ws/install/robot_emblem/share/robot_emblem/environment/path.sh
[9.584s] -- Up-to-date symlink: /home/fvc/emblem_ws/install/robot_emblem/share/robot_emblem/environment/path.dsv
[9.584s] -- Up-to-date symlink: /home/fvc/emblem_ws/install/robot_emblem/share/robot_emblem/local_setup.bash
[9.585s] -- Up-to-date symlink: /home/fvc/emblem_ws/install/robot_emblem/share/robot_emblem/local_setup.sh
[9.585s] -- Up-to-date symlink: /home/fvc/emblem_ws/install/robot_emblem/share/robot_emblem/local_setup.zsh
[9.586s] -- Up-to-date symlink: /home/fvc/emblem_ws/install/robot_emblem/share/robot_emblem/local_setup.dsv
[9.586s] -- Symlinking: /home/fvc/emblem_ws/install/robot_emblem/share/robot_emblem/package.dsv
[9.605s] -- Up-to-date symlink: /home/fvc/emblem_ws/install/robot_emblem/share/ament_index/resource_index/packages/robot_emblem
[9.605s] -- Up-to-date symlink: /home/fvc/emblem_ws/install/robot_emblem/share/robot_emblem/cmake/robot_emblemConfig.cmake
[9.605s] -- Up-to-date symlink: /home/fvc/emblem_ws/install/robot_emblem/share/robot_emblem/cmake/robot_emblemConfig-version.cmake
[9.606s] -- Up-to-date symlink: /home/fvc/emblem_ws/install/robot_emblem/share/robot_emblem/package.xml
[9.610s] Invoked command in '/home/fvc/emblem_ws/build/robot_emblem' returned '0': CMAKE_PREFIX_PATH=/opt/ros/humble /usr/bin/cmake --install /home/fvc/emblem_ws/build/robot_emblem
