[01m[K/home/fvc/Desktop/robot_emblem/src/robot_emblem/src/core/unit_manager_node.cpp:21:27:[m[K [01;31m[Kerror: [m[Ktemporary of non-literal type ‘[01m[Krclcpp::Node[m[K’ in a constant expression
   21 |         UnitManagerNode : [01;31m[KNode("unit_manager_node")[m[K{
      |                           [01;31m[K^~~~~~~~~~~~~~~~~~~~~~~~~[m[K
In file included from [01m[K/opt/ros/humble/include/rclcpp/rclcpp/executors/single_threaded_executor.hpp:28[m[K,
                 from [01m[K/opt/ros/humble/include/rclcpp/rclcpp/executors.hpp:22[m[K,
                 from [01m[K/opt/ros/humble/include/rclcpp/rclcpp/rclcpp.hpp:155[m[K,
                 from [01m[K/home/fvc/Desktop/robot_emblem/src/robot_emblem/src/core/unit_manager_node.cpp:1[m[K:
[01m[K/opt/ros/humble/include/rclcpp/rclcpp/node.hpp:77:7:[m[K [01;36m[Knote: [m[K‘[01m[Krclcpp::Node[m[K’ is not literal because:
   77 | class [01;36m[KNode[m[K : public std::enable_shared_from_this<Node>
      |       [01;36m[K^~~~[m[K
[01m[K/opt/ros/humble/include/rclcpp/rclcpp/node.hpp:77:7:[m[K [01;36m[Knote: [m[K  ‘[01m[Krclcpp::Node[m[K’ has a non-trivial destructor
[01m[K/home/fvc/Desktop/robot_emblem/src/robot_emblem/src/core/unit_manager_node.cpp:21:52:[m[K [01;31m[Kerror: [m[Kdefault member initializer for unnamed bit-field
   21 |         UnitManagerNode : Node("unit_manager_node")[01;31m[K{[m[K
      |                                                    [01;31m[K^[m[K
[01m[K/home/fvc/Desktop/robot_emblem/src/robot_emblem/src/core/unit_manager_node.cpp:50:9:[m[K [01;31m[Kerror: [m[Kname ‘[01m[KUnitManagerNode[m[K’ has incomplete type
   50 |         [01;31m[K}[m[K
      |         [01;31m[K^[m[K
[01m[K/home/fvc/Desktop/robot_emblem/src/robot_emblem/src/core/unit_manager_node.cpp:50:9:[m[K [01;31m[Kerror: [m[Kexpected ‘[01m[K;[m[K’ at end of member declaration
   50 |         [01;31m[K}[m[K
      |         [01;31m[K^[m[K
      |          [32m[K;[m[K
[01m[K/home/fvc/Desktop/robot_emblem/src/robot_emblem/src/core/unit_manager_node.cpp:[m[K In member function ‘[01m[Kbool UnitManagerNode::worldToIdx(double, double, int&, int&) const[m[K’:
[01m[K/home/fvc/Desktop/robot_emblem/src/robot_emblem/src/core/unit_manager_node.cpp:68:46:[m[K [01;31m[Kerror: [m[K‘[01m[Kmap[m[K’ was not declared in this scope
   68 |             ix=static_cast<int>(std::floor(x-[01;31m[Kmap[m[K.origin_x)/map_.resolution);
      |                                              [01;31m[K^~~[m[K
[01m[K/home/fvc/Desktop/robot_emblem/src/robot_emblem/src/core/unit_manager_node.cpp:68:46:[m[K [01;36m[Knote: [m[Ksuggested alternatives:
In file included from [01m[K/usr/include/c++/11/map:61[m[K,
                 from [01m[K/opt/ros/humble/include/rclcpp/rclcpp/executor.hpp:24[m[K,
                 from [01m[K/opt/ros/humble/include/rclcpp/rclcpp/executors/multi_threaded_executor.hpp:25[m[K,
                 from [01m[K/opt/ros/humble/include/rclcpp/rclcpp/executors.hpp:21[m[K,
                 from [01m[K/opt/ros/humble/include/rclcpp/rclcpp/rclcpp.hpp:155[m[K,
                 from [01m[K/home/fvc/Desktop/robot_emblem/src/robot_emblem/src/core/unit_manager_node.cpp:1[m[K:
[01m[K/usr/include/c++/11/bits/stl_map.h:100:11:[m[K [01;36m[Knote: [m[K  ‘[01m[Kstd::map[m[K’
  100 |     class [01;36m[Kmap[m[K
      |           [01;36m[K^~~[m[K
In file included from [01m[K/opt/ros/humble/include/rclcpp/rclcpp/executor.hpp:24[m[K,
                 from [01m[K/opt/ros/humble/include/rclcpp/rclcpp/executors/multi_threaded_executor.hpp:25[m[K,
                 from [01m[K/opt/ros/humble/include/rclcpp/rclcpp/executors.hpp:21[m[K,
                 from [01m[K/opt/ros/humble/include/rclcpp/rclcpp/rclcpp.hpp:155[m[K,
                 from [01m[K/home/fvc/Desktop/robot_emblem/src/robot_emblem/src/core/unit_manager_node.cpp:1[m[K:
[01m[K/usr/include/c++/11/map:78:13:[m[K [01;36m[Knote: [m[K  ‘[01m[Kstd::pmr::map[m[K’
   78 |       using [01;36m[Kmap[m[K
      |             [01;36m[K^~~[m[K
In file included from [01m[K/usr/include/x86_64-linux-gnu/c++/11/bits/c++allocator.h:33[m[K,
                 from [01m[K/usr/include/c++/11/bits/allocator.h:46[m[K,
                 from [01m[K/usr/include/c++/11/memory:64[m[K,
                 from [01m[K/opt/ros/humble/include/rclcpp/rclcpp/rclcpp.hpp:153[m[K,
                 from [01m[K/home/fvc/Desktop/robot_emblem/src/robot_emblem/src/core/unit_manager_node.cpp:1[m[K:
/usr/include/c++/11/ext/new_allocator.h: In instantiation of ‘[01m[Kvoid __gnu_cxx::new_allocator<_Tp>::construct(_Up*, _Args&& ...) [with _Up = UnitManagerNode; _Args = {}; _Tp = UnitManagerNode][m[K’:
[01m[K/usr/include/c++/11/bits/alloc_traits.h:516:17:[m[K   required from ‘[01m[Kstatic void std::allocator_traits<std::allocator<_Tp1> >::construct(std::allocator_traits<std::allocator<_Tp1> >::allocator_type&, _Up*, _Args&& ...) [with _Up = UnitManagerNode; _Args = {}; _Tp = UnitManagerNode; std::allocator_traits<std::allocator<_Tp1> >::allocator_type = std::allocator<UnitManagerNode>][m[K’
[01m[K/usr/include/c++/11/bits/shared_ptr_base.h:519:39:[m[K   required from ‘[01m[Kstd::_Sp_counted_ptr_inplace<_Tp, _Alloc, _Lp>::_Sp_counted_ptr_inplace(_Alloc, _Args&& ...) [with _Args = {}; _Tp = UnitManagerNode; _Alloc = std::allocator<UnitManagerNode>; __gnu_cxx::_Lock_policy _Lp = __gnu_cxx::_S_atomic][m[K’
[01m[K/usr/include/c++/11/bits/shared_ptr_base.h:650:16:[m[K   required from ‘[01m[Kstd::__shared_count<_Lp>::__shared_count(_Tp*&, std::_Sp_alloc_shared_tag<_Alloc>, _Args&& ...) [with _Tp = UnitManagerNode; _Alloc = std::allocator<UnitManagerNode>; _Args = {}; __gnu_cxx::_Lock_policy _Lp = __gnu_cxx::_S_atomic][m[K’
[01m[K/usr/include/c++/11/bits/shared_ptr_base.h:1342:14:[m[K   required from ‘[01m[Kstd::__shared_ptr<_Tp, _Lp>::__shared_ptr(std::_Sp_alloc_shared_tag<_Tp>, _Args&& ...) [with _Alloc = std::allocator<UnitManagerNode>; _Args = {}; _Tp = UnitManagerNode; __gnu_cxx::_Lock_policy _Lp = __gnu_cxx::_S_atomic][m[K’
[01m[K/usr/include/c++/11/bits/shared_ptr.h:409:59:[m[K   required from ‘[01m[Kstd::shared_ptr<_Tp>::shared_ptr(std::_Sp_alloc_shared_tag<_Tp>, _Args&& ...) [with _Alloc = std::allocator<UnitManagerNode>; _Args = {}; _Tp = UnitManagerNode][m[K’
[01m[K/usr/include/c++/11/bits/shared_ptr.h:862:14:[m[K   required from ‘[01m[Kstd::shared_ptr<_Tp> std::allocate_shared(const _Alloc&, _Args&& ...) [with _Tp = UnitManagerNode; _Alloc = std::allocator<UnitManagerNode>; _Args = {}][m[K’
[01m[K/usr/include/c++/11/bits/shared_ptr.h:878:39:[m[K   required from ‘[01m[Kstd::shared_ptr<_Tp> std::make_shared(_Args&& ...) [with _Tp = UnitManagerNode; _Args = {}][m[K’
[01m[K/home/fvc/Desktop/robot_emblem/src/robot_emblem/src/core/unit_manager_node.cpp:100:51:[m[K   required from here
[01m[K/usr/include/c++/11/ext/new_allocator.h:162:11:[m[K [01;31m[Kerror: [m[Kuse of deleted function ‘[01m[KUnitManagerNode::UnitManagerNode()[m[K’
  162 |         { [01;31m[K::new((void *)__p) _Up(std::forward<_Args>(__args)...)[m[K; }
      |           [01;31m[K^~~~~~~~~~~~~~~~~~~~~~~~~~~~~~~~~~~~~~~~~~~~~~~~~~~~~~[m[K
[01m[K/home/fvc/Desktop/robot_emblem/src/robot_emblem/src/core/unit_manager_node.cpp:19:7:[m[K [01;36m[Knote: [m[K‘[01m[KUnitManagerNode::UnitManagerNode()[m[K’ is implicitly deleted because the default definition would be ill-formed:
   19 | class [01;36m[KUnitManagerNode[m[K : public rclcpp::Node{
      |       [01;36m[K^~~~~~~~~~~~~~~[m[K
[01m[K/home/fvc/Desktop/robot_emblem/src/robot_emblem/src/core/unit_manager_node.cpp:19:7:[m[K [01;31m[Kerror: [m[Kno matching function for call to ‘[01m[Krclcpp::Node::Node()[m[K’
In file included from [01m[K/opt/ros/humble/include/rclcpp/rclcpp/executors/single_threaded_executor.hpp:28[m[K,
                 from [01m[K/opt/ros/humble/include/rclcpp/rclcpp/executors.hpp:22[m[K,
                 from [01m[K/opt/ros/humble/include/rclcpp/rclcpp/rclcpp.hpp:155[m[K,
                 from [01m[K/home/fvc/Desktop/robot_emblem/src/robot_emblem/src/core/unit_manager_node.cpp:1[m[K:
[01m[K/opt/ros/humble/include/rclcpp/rclcpp/node.hpp:1294:3:[m[K [01;36m[Knote: [m[Kcandidate: ‘[01m[Krclcpp::Node::Node(const rclcpp::Node&, const string&)[m[K’
 1294 |   [01;36m[KNode[m[K(
      |   [01;36m[K^~~~[m[K
[01m[K/opt/ros/humble/include/rclcpp/rclcpp/node.hpp:1294:3:[m[K [01;36m[Knote: [m[K  candidate expects 2 arguments, 0 provided
[01m[K/opt/ros/humble/include/rclcpp/rclcpp/node.hpp:101:12:[m[K [01;36m[Knote: [m[Kcandidate: ‘[01m[Krclcpp::Node::Node(const string&, const string&, const rclcpp::NodeOptions&)[m[K’
  101 |   explicit [01;36m[KNode[m[K(
      |            [01;36m[K^~~~[m[K
[01m[K/opt/ros/humble/include/rclcpp/rclcpp/node.hpp:101:12:[m[K [01;36m[Knote: [m[K  candidate expects 3 arguments, 0 provided
[01m[K/opt/ros/humble/include/rclcpp/rclcpp/node.hpp:89:12:[m[K [01;36m[Knote: [m[Kcandidate: ‘[01m[Krclcpp::Node::Node(const string&, const rclcpp::NodeOptions&)[m[K’
   89 |   explicit [01;36m[KNode[m[K(
      |            [01;36m[K^~~~[m[K
[01m[K/opt/ros/humble/include/rclcpp/rclcpp/node.hpp:89:12:[m[K [01;36m[Knote: [m[K  candidate expects 2 arguments, 0 provided
gmake[2]: *** [CMakeFiles/unit_manager_node.dir/build.make:76: CMakeFiles/unit_manager_node.dir/src/core/unit_manager_node.cpp.o] Error 1
gmake[1]: *** [CMakeFiles/Makefile2:165: CMakeFiles/unit_manager_node.dir/all] Error 2
gmake: *** [Makefile:146: all] Error 2
