[0.169s] DEBUG:colcon:Command line arguments: ['/usr/bin/colcon', 'build']
[0.169s] DEBUG:colcon:Parsed command line arguments: Namespace(log_base=None, log_level=None, verb_name='build', build_base='build', install_base='install', merge_install=False, symlink_install=False, test_result_base=None, continue_on_error=False, executor='parallel', parallel_workers=2, event_handlers=None, ignore_user_meta=False, metas=['./colcon.meta'], base_paths=['.'], packages_ignore=None, packages_ignore_regex=None, paths=None, packages_up_to=None, packages_up_to_regex=None, packages_above=None, packages_above_and_dependencies=None, packages_above_depth=None, packages_select_by_dep=None, packages_skip_by_dep=None, packages_skip_up_to=None, packages_select_build_failed=False, packages_skip_build_finished=False, packages_select_test_failures=False, packages_skip_test_passed=False, packages_select=None, packages_skip=None, packages_select_regex=None, packages_skip_regex=None, packages_start=None, packages_end=None, allow_overriding=[], cmake_args=None, cmake_target=None, cmake_target_skip_unavailable=False, cmake_clean_cache=False, cmake_clean_first=False, cmake_force_configure=False, ament_cmake_args=None, catkin_cmake_args=None, catkin_skip_building_tests=False, verb_parser=<colcon_defaults.argument_parser.defaults.DefaultArgumentsDecorator object at 0x73bbea637460>, verb_extension=<colcon_core.verb.build.BuildVerb object at 0x73bbea770880>, main=<bound method BuildVerb.main of <colcon_core.verb.build.BuildVerb object at 0x73bbea770880>>)
[0.316s] Level 1:colcon.colcon_core.package_discovery:discover_packages(colcon_meta) check parameters
[0.316s] Level 1:colcon.colcon_core.package_discovery:discover_packages(recursive) check parameters
[0.316s] Level 1:colcon.colcon_core.package_discovery:discover_packages(ignore) check parameters
[0.316s] Level 1:colcon.colcon_core.package_discovery:discover_packages(path) check parameters
[0.316s] Level 1:colcon.colcon_core.package_discovery:discover_packages(colcon_meta) discover
[0.316s] Level 1:colcon.colcon_core.package_discovery:discover_packages(recursive) discover
[0.316s] INFO:colcon.colcon_core.package_discovery:Crawling recursively for packages in '/home/fvc/Desktop/robot_emblem'
[0.316s] Level 1:colcon.colcon_core.package_identification:_identify(.) by extensions ['ignore', 'ignore_ament_install']
[0.317s] Level 1:colcon.colcon_core.package_identification:_identify(.) by extension 'ignore'
[0.317s] Level 1:colcon.colcon_core.package_identification:_identify(.) by extension 'ignore_ament_install'
[0.317s] Level 1:colcon.colcon_core.package_identification:_identify(.) by extensions ['colcon_pkg']
[0.317s] Level 1:colcon.colcon_core.package_identification:_identify(.) by extension 'colcon_pkg'
[0.317s] Level 1:colcon.colcon_core.package_identification:_identify(.) by extensions ['colcon_meta']
[0.317s] Level 1:colcon.colcon_core.package_identification:_identify(.) by extension 'colcon_meta'
[0.317s] Level 1:colcon.colcon_core.package_identification:_identify(.) by extensions ['ros']
[0.317s] Level 1:colcon.colcon_core.package_identification:_identify(.) by extension 'ros'
[0.327s] Level 1:colcon.colcon_core.package_identification:_identify(.) by extensions ['cmake', 'python']
[0.327s] Level 1:colcon.colcon_core.package_identification:_identify(.) by extension 'cmake'
[0.327s] Level 1:colcon.colcon_core.package_identification:_identify(.) by extension 'python'
[0.328s] Level 1:colcon.colcon_core.package_identification:_identify(.) by extensions ['python_setup_py']
[0.328s] Level 1:colcon.colcon_core.package_identification:_identify(.) by extension 'python_setup_py'
[0.328s] Level 1:colcon.colcon_core.package_identification:_identify(build) by extensions ['ignore', 'ignore_ament_install']
[0.328s] Level 1:colcon.colcon_core.package_identification:_identify(build) by extension 'ignore'
[0.328s] Level 1:colcon.colcon_core.package_identification:_identify(build) ignored
[0.328s] Level 1:colcon.colcon_core.package_identification:_identify(install) by extensions ['ignore', 'ignore_ament_install']
[0.328s] Level 1:colcon.colcon_core.package_identification:_identify(install) by extension 'ignore'
[0.328s] Level 1:colcon.colcon_core.package_identification:_identify(install) ignored
[0.328s] Level 1:colcon.colcon_core.package_identification:_identify(log) by extensions ['ignore', 'ignore_ament_install']
[0.328s] Level 1:colcon.colcon_core.package_identification:_identify(log) by extension 'ignore'
[0.328s] Level 1:colcon.colcon_core.package_identification:_identify(log) ignored
[0.328s] Level 1:colcon.colcon_core.package_identification:_identify(src) by extensions ['ignore', 'ignore_ament_install']
[0.329s] Level 1:colcon.colcon_core.package_identification:_identify(src) by extension 'ignore'
[0.329s] Level 1:colcon.colcon_core.package_identification:_identify(src) by extension 'ignore_ament_install'
[0.329s] Level 1:colcon.colcon_core.package_identification:_identify(src) by extensions ['colcon_pkg']
[0.329s] Level 1:colcon.colcon_core.package_identification:_identify(src) by extension 'colcon_pkg'
[0.329s] Level 1:colcon.colcon_core.package_identification:_identify(src) by extensions ['colcon_meta']
[0.329s] Level 1:colcon.colcon_core.package_identification:_identify(src) by extension 'colcon_meta'
[0.329s] Level 1:colcon.colcon_core.package_identification:_identify(src) by extensions ['ros']
[0.329s] Level 1:colcon.colcon_core.package_identification:_identify(src) by extension 'ros'
[0.329s] Level 1:colcon.colcon_core.package_identification:_identify(src) by extensions ['cmake', 'python']
[0.329s] Level 1:colcon.colcon_core.package_identification:_identify(src) by extension 'cmake'
[0.329s] Level 1:colcon.colcon_core.package_identification:_identify(src) by extension 'python'
[0.329s] Level 1:colcon.colcon_core.package_identification:_identify(src) by extensions ['python_setup_py']
[0.329s] Level 1:colcon.colcon_core.package_identification:_identify(src) by extension 'python_setup_py'
[0.329s] Level 1:colcon.colcon_core.package_identification:_identify(src/robot_emblem) by extensions ['ignore', 'ignore_ament_install']
[0.329s] Level 1:colcon.colcon_core.package_identification:_identify(src/robot_emblem) by extension 'ignore'
[0.329s] Level 1:colcon.colcon_core.package_identification:_identify(src/robot_emblem) by extension 'ignore_ament_install'
[0.329s] Level 1:colcon.colcon_core.package_identification:_identify(src/robot_emblem) by extensions ['colcon_pkg']
[0.329s] Level 1:colcon.colcon_core.package_identification:_identify(src/robot_emblem) by extension 'colcon_pkg'
[0.329s] Level 1:colcon.colcon_core.package_identification:_identify(src/robot_emblem) by extensions ['colcon_meta']
[0.329s] Level 1:colcon.colcon_core.package_identification:_identify(src/robot_emblem) by extension 'colcon_meta'
[0.329s] Level 1:colcon.colcon_core.package_identification:_identify(src/robot_emblem) by extensions ['ros']
[0.329s] Level 1:colcon.colcon_core.package_identification:_identify(src/robot_emblem) by extension 'ros'
[0.331s] DEBUG:colcon.colcon_core.package_identification:Package 'src/robot_emblem' with type 'ros.ament_cmake' and name 'robot_emblem'
[0.331s] Level 1:colcon.colcon_core.package_identification:_identify(src/robot_emblem_description) by extensions ['ignore', 'ignore_ament_install']
[0.331s] Level 1:colcon.colcon_core.package_identification:_identify(src/robot_emblem_description) by extension 'ignore'
[0.331s] Level 1:colcon.colcon_core.package_identification:_identify(src/robot_emblem_description) by extension 'ignore_ament_install'
[0.331s] Level 1:colcon.colcon_core.package_identification:_identify(src/robot_emblem_description) by extensions ['colcon_pkg']
[0.331s] Level 1:colcon.colcon_core.package_identification:_identify(src/robot_emblem_description) by extension 'colcon_pkg'
[0.331s] Level 1:colcon.colcon_core.package_identification:_identify(src/robot_emblem_description) by extensions ['colcon_meta']
[0.331s] Level 1:colcon.colcon_core.package_identification:_identify(src/robot_emblem_description) by extension 'colcon_meta'
[0.332s] Level 1:colcon.colcon_core.package_identification:_identify(src/robot_emblem_description) by extensions ['ros']
[0.332s] Level 1:colcon.colcon_core.package_identification:_identify(src/robot_emblem_description) by extension 'ros'
[0.332s] DEBUG:colcon.colcon_core.package_identification:Package 'src/robot_emblem_description' with type 'ros.ament_cmake' and name 'robot_emblem_description'
[0.332s] Level 1:colcon.colcon_core.package_discovery:discover_packages(recursive) using defaults
[0.332s] Level 1:colcon.colcon_core.package_discovery:discover_packages(ignore) discover
[0.332s] Level 1:colcon.colcon_core.package_discovery:discover_packages(ignore) using defaults
[0.332s] Level 1:colcon.colcon_core.package_discovery:discover_packages(path) discover
[0.332s] Level 1:colcon.colcon_core.package_discovery:discover_packages(path) using defaults
[0.352s] Level 1:colcon.colcon_core.package_discovery:discover_packages(prefix_path) check parameters
[0.352s] Level 1:colcon.colcon_core.package_discovery:discover_packages(prefix_path) discover
[0.355s] DEBUG:colcon.colcon_installed_package_information.package_discovery:Found 273 installed packages in /opt/ros/humble
[0.357s] Level 1:colcon.colcon_core.package_discovery:discover_packages(prefix_path) using defaults
[0.397s] Level 5:colcon.colcon_core.verb:set package 'robot_emblem' build argument 'cmake_args' from command line to 'None'
[0.398s] Level 5:colcon.colcon_core.verb:set package 'robot_emblem' build argument 'cmake_target' from command line to 'None'
[0.398s] Level 5:colcon.colcon_core.verb:set package 'robot_emblem' build argument 'cmake_target_skip_unavailable' from command line to 'False'
[0.398s] Level 5:colcon.colcon_core.verb:set package 'robot_emblem' build argument 'cmake_clean_cache' from command line to 'False'
[0.398s] Level 5:colcon.colcon_core.verb:set package 'robot_emblem' build argument 'cmake_clean_first' from command line to 'False'
[0.398s] Level 5:colcon.colcon_core.verb:set package 'robot_emblem' build argument 'cmake_force_configure' from command line to 'False'
[0.398s] Level 5:colcon.colcon_core.verb:set package 'robot_emblem' build argument 'ament_cmake_args' from command line to 'None'
[0.398s] Level 5:colcon.colcon_core.verb:set package 'robot_emblem' build argument 'catkin_cmake_args' from command line to 'None'
[0.398s] Level 5:colcon.colcon_core.verb:set package 'robot_emblem' build argument 'catkin_skip_building_tests' from command line to 'False'
[0.398s] DEBUG:colcon.colcon_core.verb:Building package 'robot_emblem' with the following arguments: {'ament_cmake_args': None, 'build_base': '/home/fvc/Desktop/robot_emblem/build/robot_emblem', 'catkin_cmake_args': None, 'catkin_skip_building_tests': False, 'cmake_args': None, 'cmake_clean_cache': False, 'cmake_clean_first': False, 'cmake_force_configure': False, 'cmake_target': None, 'cmake_target_skip_unavailable': False, 'install_base': '/home/fvc/Desktop/robot_emblem/install/robot_emblem', 'merge_install': False, 'path': '/home/fvc/Desktop/robot_emblem/src/robot_emblem', 'symlink_install': False, 'test_result_base': None}
[0.399s] Level 5:colcon.colcon_core.verb:set package 'robot_emblem_description' build argument 'cmake_args' from command line to 'None'
[0.399s] Level 5:colcon.colcon_core.verb:set package 'robot_emblem_description' build argument 'cmake_target' from command line to 'None'
[0.399s] Level 5:colcon.colcon_core.verb:set package 'robot_emblem_description' build argument 'cmake_target_skip_unavailable' from command line to 'False'
[0.399s] Level 5:colcon.colcon_core.verb:set package 'robot_emblem_description' build argument 'cmake_clean_cache' from command line to 'False'
[0.399s] Level 5:colcon.colcon_core.verb:set package 'robot_emblem_description' build argument 'cmake_clean_first' from command line to 'False'
[0.399s] Level 5:colcon.colcon_core.verb:set package 'robot_emblem_description' build argument 'cmake_force_configure' from command line to 'False'
[0.399s] Level 5:colcon.colcon_core.verb:set package 'robot_emblem_description' build argument 'ament_cmake_args' from command line to 'None'
[0.399s] Level 5:colcon.colcon_core.verb:set package 'robot_emblem_description' build argument 'catkin_cmake_args' from command line to 'None'
[0.399s] Level 5:colcon.colcon_core.verb:set package 'robot_emblem_description' build argument 'catkin_skip_building_tests' from command line to 'False'
[0.399s] DEBUG:colcon.colcon_core.verb:Building package 'robot_emblem_description' with the following arguments: {'ament_cmake_args': None, 'build_base': '/home/fvc/Desktop/robot_emblem/build/robot_emblem_description', 'catkin_cmake_args': None, 'catkin_skip_building_tests': False, 'cmake_args': None, 'cmake_clean_cache': False, 'cmake_clean_first': False, 'cmake_force_configure': False, 'cmake_target': None, 'cmake_target_skip_unavailable': False, 'install_base': '/home/fvc/Desktop/robot_emblem/install/robot_emblem_description', 'merge_install': False, 'path': '/home/fvc/Desktop/robot_emblem/src/robot_emblem_description', 'symlink_install': False, 'test_result_base': None}
[0.399s] INFO:colcon.colcon_core.executor:Executing jobs using 'parallel' executor
[0.401s] DEBUG:colcon.colcon_parallel_executor.executor.parallel:run_until_complete
[0.401s] INFO:colcon.colcon_ros.task.ament_cmake.build:Building ROS package in '/home/fvc/Desktop/robot_emblem/src/robot_emblem' with build type 'ament_cmake'
[0.401s] INFO:colcon.colcon_cmake.task.cmake.build:Building CMake package in '/home/fvc/Desktop/robot_emblem/src/robot_emblem'
[0.406s] INFO:colcon.colcon_core.plugin_system:Skipping extension 'colcon_core.shell.bat': Not used on non-Windows systems
[0.407s] INFO:colcon.colcon_core.shell:Skip shell extension 'powershell' for command environment: Not usable outside of PowerShell
[0.407s] DEBUG:colcon.colcon_core.shell:Skip shell extension 'dsv' for command environment
[0.414s] INFO:colcon.colcon_ros.task.ament_cmake.build:Building ROS package in '/home/fvc/Desktop/robot_emblem/src/robot_emblem_description' with build type 'ament_cmake'
[0.415s] INFO:colcon.colcon_cmake.task.cmake.build:Building CMake package in '/home/fvc/Desktop/robot_emblem/src/robot_emblem_description'
[0.416s] INFO:colcon.colcon_core.shell:Skip shell extension 'powershell' for command environment: Not usable outside of PowerShell
[0.416s] DEBUG:colcon.colcon_core.shell:Skip shell extension 'dsv' for command environment
[0.443s] DEBUG:colcon.colcon_core.event_handler.log_command:Invoking command in '/home/fvc/Desktop/robot_emblem/build/robot_emblem': CMAKE_PREFIX_PATH=/opt/ros/humble /usr/bin/cmake --build /home/fvc/Desktop/robot_emblem/build/robot_emblem -- -j2 -l2
[0.448s] DEBUG:colcon.colcon_core.event_handler.log_command:Invoking command in '/home/fvc/Desktop/robot_emblem/build/robot_emblem_description': CMAKE_PREFIX_PATH=/opt/ros/humble /usr/bin/cmake --build /home/fvc/Desktop/robot_emblem/build/robot_emblem_description -- -j2 -l2
[0.566s] DEBUG:colcon.colcon_core.event_handler.log_command:Invoked command in '/home/fvc/Desktop/robot_emblem/build/robot_emblem_description' returned '0': CMAKE_PREFIX_PATH=/opt/ros/humble /usr/bin/cmake --build /home/fvc/Desktop/robot_emblem/build/robot_emblem_description -- -j2 -l2
[0.586s] DEBUG:colcon.colcon_core.event_handler.log_command:Invoking command in '/home/fvc/Desktop/robot_emblem/build/robot_emblem_description': CMAKE_PREFIX_PATH=/opt/ros/humble /usr/bin/cmake --install /home/fvc/Desktop/robot_emblem/build/robot_emblem_description
[0.636s] Level 1:colcon.colcon_core.environment:create_environment_scripts_only(robot_emblem_description)
[0.639s] DEBUG:colcon.colcon_core.event_handler.log_command:Invoked command in '/home/fvc/Desktop/robot_emblem/build/robot_emblem_description' returned '0': CMAKE_PREFIX_PATH=/opt/ros/humble /usr/bin/cmake --install /home/fvc/Desktop/robot_emblem/build/robot_emblem_description
[0.652s] Level 1:colcon.colcon_core.environment:checking '/home/fvc/Desktop/robot_emblem/install/robot_emblem_description' for CMake module files
[0.652s] Level 1:colcon.colcon_core.environment:checking '/home/fvc/Desktop/robot_emblem/install/robot_emblem_description' for CMake config files
[0.652s] Level 1:colcon.colcon_core.shell:create_environment_hook('robot_emblem_description', 'cmake_prefix_path')
[0.659s] INFO:colcon.colcon_core.shell:Creating environment hook '/home/fvc/Desktop/robot_emblem/install/robot_emblem_description/share/robot_emblem_description/hook/cmake_prefix_path.ps1'
[0.659s] INFO:colcon.colcon_core.shell:Creating environment descriptor '/home/fvc/Desktop/robot_emblem/install/robot_emblem_description/share/robot_emblem_description/hook/cmake_prefix_path.dsv'
[0.662s] INFO:colcon.colcon_core.shell:Creating environment hook '/home/fvc/Desktop/robot_emblem/install/robot_emblem_description/share/robot_emblem_description/hook/cmake_prefix_path.sh'
[0.670s] Level 1:colcon.colcon_core.environment:checking '/home/fvc/Desktop/robot_emblem/install/robot_emblem_description/bin'
[0.670s] Level 1:colcon.colcon_core.environment:checking '/home/fvc/Desktop/robot_emblem/install/robot_emblem_description/lib/pkgconfig/robot_emblem_description.pc'
[0.672s] Level 1:colcon.colcon_core.environment:checking '/home/fvc/Desktop/robot_emblem/install/robot_emblem_description/lib/python3.10/site-packages'
[0.672s] Level 1:colcon.colcon_core.environment:checking '/home/fvc/Desktop/robot_emblem/install/robot_emblem_description/bin'
[0.672s] INFO:colcon.colcon_core.shell:Creating package script '/home/fvc/Desktop/robot_emblem/install/robot_emblem_description/share/robot_emblem_description/package.ps1'
[0.673s] INFO:colcon.colcon_core.shell:Creating package descriptor '/home/fvc/Desktop/robot_emblem/install/robot_emblem_description/share/robot_emblem_description/package.dsv'
[0.677s] INFO:colcon.colcon_core.shell:Creating package script '/home/fvc/Desktop/robot_emblem/install/robot_emblem_description/share/robot_emblem_description/package.sh'
[0.679s] INFO:colcon.colcon_core.shell:Creating package script '/home/fvc/Desktop/robot_emblem/install/robot_emblem_description/share/robot_emblem_description/package.bash'
[0.682s] INFO:colcon.colcon_core.shell:Creating package script '/home/fvc/Desktop/robot_emblem/install/robot_emblem_description/share/robot_emblem_description/package.zsh'
[0.684s] Level 1:colcon.colcon_core.environment:create_file_with_runtime_dependencies(/home/fvc/Desktop/robot_emblem/install/robot_emblem_description/share/colcon-core/packages/robot_emblem_description)
[0.687s] Level 1:colcon.colcon_core.environment:create_environment_scripts_only(robot_emblem_description)
[0.687s] Level 1:colcon.colcon_core.environment:checking '/home/fvc/Desktop/robot_emblem/install/robot_emblem_description' for CMake module files
[0.688s] Level 1:colcon.colcon_core.environment:checking '/home/fvc/Desktop/robot_emblem/install/robot_emblem_description' for CMake config files
[0.689s] Level 1:colcon.colcon_core.shell:create_environment_hook('robot_emblem_description', 'cmake_prefix_path')
[0.691s] INFO:colcon.colcon_core.shell:Creating environment hook '/home/fvc/Desktop/robot_emblem/install/robot_emblem_description/share/robot_emblem_description/hook/cmake_prefix_path.ps1'
[0.693s] INFO:colcon.colcon_core.shell:Creating environment descriptor '/home/fvc/Desktop/robot_emblem/install/robot_emblem_description/share/robot_emblem_description/hook/cmake_prefix_path.dsv'
[0.693s] INFO:colcon.colcon_core.shell:Creating environment hook '/home/fvc/Desktop/robot_emblem/install/robot_emblem_description/share/robot_emblem_description/hook/cmake_prefix_path.sh'
[0.695s] Level 1:colcon.colcon_core.environment:checking '/home/fvc/Desktop/robot_emblem/install/robot_emblem_description/bin'
[0.695s] Level 1:colcon.colcon_core.environment:checking '/home/fvc/Desktop/robot_emblem/install/robot_emblem_description/lib/pkgconfig/robot_emblem_description.pc'
[0.695s] Level 1:colcon.colcon_core.environment:checking '/home/fvc/Desktop/robot_emblem/install/robot_emblem_description/lib/python3.10/site-packages'
[0.695s] Level 1:colcon.colcon_core.environment:checking '/home/fvc/Desktop/robot_emblem/install/robot_emblem_description/bin'
[0.696s] INFO:colcon.colcon_core.shell:Creating package script '/home/fvc/Desktop/robot_emblem/install/robot_emblem_description/share/robot_emblem_description/package.ps1'
[0.697s] INFO:colcon.colcon_core.shell:Creating package descriptor '/home/fvc/Desktop/robot_emblem/install/robot_emblem_description/share/robot_emblem_description/package.dsv'
[0.698s] INFO:colcon.colcon_core.shell:Creating package script '/home/fvc/Desktop/robot_emblem/install/robot_emblem_description/share/robot_emblem_description/package.sh'
[0.699s] INFO:colcon.colcon_core.shell:Creating package script '/home/fvc/Desktop/robot_emblem/install/robot_emblem_description/share/robot_emblem_description/package.bash'
[0.699s] INFO:colcon.colcon_core.shell:Creating package script '/home/fvc/Desktop/robot_emblem/install/robot_emblem_description/share/robot_emblem_description/package.zsh'
[0.700s] Level 1:colcon.colcon_core.environment:create_file_with_runtime_dependencies(/home/fvc/Desktop/robot_emblem/install/robot_emblem_description/share/colcon-core/packages/robot_emblem_description)
[10.758s] DEBUG:colcon.colcon_core.event_handler.log_command:Invoked command in '/home/fvc/Desktop/robot_emblem/build/robot_emblem' returned '0': CMAKE_PREFIX_PATH=/opt/ros/humble /usr/bin/cmake --build /home/fvc/Desktop/robot_emblem/build/robot_emblem -- -j2 -l2
[10.761s] DEBUG:colcon.colcon_core.event_handler.log_command:Invoking command in '/home/fvc/Desktop/robot_emblem/build/robot_emblem': CMAKE_PREFIX_PATH=/opt/ros/humble /usr/bin/cmake --install /home/fvc/Desktop/robot_emblem/build/robot_emblem
[10.798s] Level 1:colcon.colcon_core.environment:create_environment_scripts_only(robot_emblem)
[10.798s] Level 1:colcon.colcon_core.environment:checking '/home/fvc/Desktop/robot_emblem/install/robot_emblem' for CMake module files
[10.799s] Level 1:colcon.colcon_core.environment:checking '/home/fvc/Desktop/robot_emblem/install/robot_emblem' for CMake config files
[10.799s] DEBUG:colcon.colcon_core.event_handler.log_command:Invoked command in '/home/fvc/Desktop/robot_emblem/build/robot_emblem' returned '0': CMAKE_PREFIX_PATH=/opt/ros/humble /usr/bin/cmake --install /home/fvc/Desktop/robot_emblem/build/robot_emblem
[10.800s] Level 1:colcon.colcon_core.shell:create_environment_hook('robot_emblem', 'cmake_prefix_path')
[10.800s] INFO:colcon.colcon_core.shell:Creating environment hook '/home/fvc/Desktop/robot_emblem/install/robot_emblem/share/robot_emblem/hook/cmake_prefix_path.ps1'
[10.801s] INFO:colcon.colcon_core.shell:Creating environment descriptor '/home/fvc/Desktop/robot_emblem/install/robot_emblem/share/robot_emblem/hook/cmake_prefix_path.dsv'
[10.802s] INFO:colcon.colcon_core.shell:Creating environment hook '/home/fvc/Desktop/robot_emblem/install/robot_emblem/share/robot_emblem/hook/cmake_prefix_path.sh'
[10.803s] Level 1:colcon.colcon_core.environment:checking '/home/fvc/Desktop/robot_emblem/install/robot_emblem/lib'
[10.803s] Level 1:colcon.colcon_core.environment:checking '/home/fvc/Desktop/robot_emblem/install/robot_emblem/bin'
[10.803s] Level 1:colcon.colcon_core.environment:checking '/home/fvc/Desktop/robot_emblem/install/robot_emblem/lib/pkgconfig/robot_emblem.pc'
[10.804s] Level 1:colcon.colcon_core.environment:checking '/home/fvc/Desktop/robot_emblem/install/robot_emblem/lib/python3.10/site-packages'
[10.804s] Level 1:colcon.colcon_core.environment:checking '/home/fvc/Desktop/robot_emblem/install/robot_emblem/bin'
[10.804s] INFO:colcon.colcon_core.shell:Creating package script '/home/fvc/Desktop/robot_emblem/install/robot_emblem/share/robot_emblem/package.ps1'
[10.805s] INFO:colcon.colcon_core.shell:Creating package descriptor '/home/fvc/Desktop/robot_emblem/install/robot_emblem/share/robot_emblem/package.dsv'
[10.806s] INFO:colcon.colcon_core.shell:Creating package script '/home/fvc/Desktop/robot_emblem/install/robot_emblem/share/robot_emblem/package.sh'
[10.806s] INFO:colcon.colcon_core.shell:Creating package script '/home/fvc/Desktop/robot_emblem/install/robot_emblem/share/robot_emblem/package.bash'
[10.807s] INFO:colcon.colcon_core.shell:Creating package script '/home/fvc/Desktop/robot_emblem/install/robot_emblem/share/robot_emblem/package.zsh'
[10.807s] Level 1:colcon.colcon_core.environment:create_file_with_runtime_dependencies(/home/fvc/Desktop/robot_emblem/install/robot_emblem/share/colcon-core/packages/robot_emblem)
[10.808s] Level 1:colcon.colcon_core.environment:create_environment_scripts_only(robot_emblem)
[10.808s] Level 1:colcon.colcon_core.environment:checking '/home/fvc/Desktop/robot_emblem/install/robot_emblem' for CMake module files
[10.808s] Level 1:colcon.colcon_core.environment:checking '/home/fvc/Desktop/robot_emblem/install/robot_emblem' for CMake config files
[10.809s] Level 1:colcon.colcon_core.shell:create_environment_hook('robot_emblem', 'cmake_prefix_path')
[10.809s] INFO:colcon.colcon_core.shell:Creating environment hook '/home/fvc/Desktop/robot_emblem/install/robot_emblem/share/robot_emblem/hook/cmake_prefix_path.ps1'
[10.809s] INFO:colcon.colcon_core.shell:Creating environment descriptor '/home/fvc/Desktop/robot_emblem/install/robot_emblem/share/robot_emblem/hook/cmake_prefix_path.dsv'
[10.810s] INFO:colcon.colcon_core.shell:Creating environment hook '/home/fvc/Desktop/robot_emblem/install/robot_emblem/share/robot_emblem/hook/cmake_prefix_path.sh'
[10.811s] Level 1:colcon.colcon_core.environment:checking '/home/fvc/Desktop/robot_emblem/install/robot_emblem/lib'
[10.811s] Level 1:colcon.colcon_core.environment:checking '/home/fvc/Desktop/robot_emblem/install/robot_emblem/bin'
[10.811s] Level 1:colcon.colcon_core.environment:checking '/home/fvc/Desktop/robot_emblem/install/robot_emblem/lib/pkgconfig/robot_emblem.pc'
[10.811s] Level 1:colcon.colcon_core.environment:checking '/home/fvc/Desktop/robot_emblem/install/robot_emblem/lib/python3.10/site-packages'
[10.811s] Level 1:colcon.colcon_core.environment:checking '/home/fvc/Desktop/robot_emblem/install/robot_emblem/bin'
[10.812s] INFO:colcon.colcon_core.shell:Creating package script '/home/fvc/Desktop/robot_emblem/install/robot_emblem/share/robot_emblem/package.ps1'
[10.812s] INFO:colcon.colcon_core.shell:Creating package descriptor '/home/fvc/Desktop/robot_emblem/install/robot_emblem/share/robot_emblem/package.dsv'
[10.813s] INFO:colcon.colcon_core.shell:Creating package script '/home/fvc/Desktop/robot_emblem/install/robot_emblem/share/robot_emblem/package.sh'
[10.813s] INFO:colcon.colcon_core.shell:Creating package script '/home/fvc/Desktop/robot_emblem/install/robot_emblem/share/robot_emblem/package.bash'
[10.814s] INFO:colcon.colcon_core.shell:Creating package script '/home/fvc/Desktop/robot_emblem/install/robot_emblem/share/robot_emblem/package.zsh'
[10.814s] Level 1:colcon.colcon_core.environment:create_file_with_runtime_dependencies(/home/fvc/Desktop/robot_emblem/install/robot_emblem/share/colcon-core/packages/robot_emblem)
[10.815s] DEBUG:colcon.colcon_parallel_executor.executor.parallel:closing loop
[10.815s] DEBUG:colcon.colcon_parallel_executor.executor.parallel:loop closed
[10.815s] DEBUG:colcon.colcon_parallel_executor.executor.parallel:run_until_complete finished with '0'
[10.815s] DEBUG:colcon.colcon_core.event_reactor:joining thread
[10.825s] INFO:colcon.colcon_core.plugin_system:Skipping extension 'colcon_notification.desktop_notification.terminal_notifier': Not used on non-Darwin systems
[10.825s] INFO:colcon.colcon_core.plugin_system:Skipping extension 'colcon_notification.desktop_notification.win32': Not used on non-Windows systems
[10.825s] INFO:colcon.colcon_notification.desktop_notification:Sending desktop notification using 'notify2'
[10.850s] DEBUG:colcon.colcon_core.event_reactor:joined thread
[10.851s] INFO:colcon.colcon_core.shell:Creating prefix script '/home/fvc/Desktop/robot_emblem/install/local_setup.ps1'
[10.852s] INFO:colcon.colcon_core.shell:Creating prefix util module '/home/fvc/Desktop/robot_emblem/install/_local_setup_util_ps1.py'
[10.858s] INFO:colcon.colcon_core.shell:Creating prefix chain script '/home/fvc/Desktop/robot_emblem/install/setup.ps1'
[10.860s] INFO:colcon.colcon_core.shell:Creating prefix script '/home/fvc/Desktop/robot_emblem/install/local_setup.sh'
[10.860s] INFO:colcon.colcon_core.shell:Creating prefix util module '/home/fvc/Desktop/robot_emblem/install/_local_setup_util_sh.py'
[10.862s] INFO:colcon.colcon_core.shell:Creating prefix chain script '/home/fvc/Desktop/robot_emblem/install/setup.sh'
[10.864s] INFO:colcon.colcon_core.shell:Creating prefix script '/home/fvc/Desktop/robot_emblem/install/local_setup.bash'
[10.865s] INFO:colcon.colcon_core.shell:Creating prefix chain script '/home/fvc/Desktop/robot_emblem/install/setup.bash'
[10.867s] INFO:colcon.colcon_core.shell:Creating prefix script '/home/fvc/Desktop/robot_emblem/install/local_setup.zsh'
[10.867s] INFO:colcon.colcon_core.shell:Creating prefix chain script '/home/fvc/Desktop/robot_emblem/install/setup.zsh'
